********************************************************************************
product = Open Liberty 22.0.0.6 (wlp-1.0.65.cl220620220523-1607)
wlp.install.dir = C:/Users/MOI/DeportationFineServices/target/liberty/wlp/
java.home = C:\Program Files\Java\jdk1.8.0_202\jre
java.version = 1.8.0_202
java.runtime = Java(TM) SE Runtime Environment (1.8.0_202-b08)
os = Windows 10 (10.0; amd64) (en_US)
process = 23928@MOI-7HEMBMLA4UR
Classpath = C:\Users\MOI\DeportationFineServices\target\liberty\wlp\bin\tools\ws-server.jar;C:\Users\MOI\DeportationFineServices\target\liberty\wlp\bin\tools\ws-javaagent.jar
Java Library path = C:\Program Files\Java\jdk1.8.0_202\jre\bin;C:\windows\Sun\Java\bin;C:\windows\system32;C:\windows;C:\Program Files (x86)\Common Files\Oracle\Java\javapath;C:\windows\system32;C:\windows;C:\windows\System32\Wbem;C:\windows\System32\WindowsPowerShell\v1.0\;C:\windows\System32\OpenSSH\;C:\Program Files\Git\cmd;C:\Program Files\MySQL\MySQL Shell 8.0\bin\;C:\Users\MOI\AppData\Local\Microsoft\WindowsApps;C:\Users\MOI\AppData\Local\Programs\Microsoft VS Code\bin;C:\Program Files\apache-maven-3.8.4\bin;C:\Users\MOI\AppData\Local\GitHubDesktop\bin;.
********************************************************************************
[6/19/22 13:37:29:308 AST] 00000001 com.ibm.ws.kernel.launch.internal.FrameworkManager           A CWWKE0001I: The server defaultServer has been launched.
[6/19/22 13:37:29:748 AST] 00000018 com.ibm.ws.config.xml.internal.ServerXMLConfiguration        A CWWKG0093A: Processing configuration drop-ins resource: C:\Users\MOI\DeportationFineServices\target\liberty\wlp\usr\servers\defaultServer\configDropins\overrides\liberty-plugin-variable-config.xml
[6/19/22 13:37:29:874 AST] 00000001 com.ibm.ws.kernel.launch.internal.FrameworkManager           I CWWKE0002I: The kernel started after 0.786 seconds
[6/19/22 13:37:29:897 AST] 00000024 com.ibm.ws.kernel.feature.internal.FeatureManager            I CWWKF0007I: Feature update started.
[6/19/22 13:37:30:052 AST] 0000001a .apache.cxf.cxf.core.3.2:1.0.65.cl220620220523-1607(id=174)] I Aries Blueprint packages not available. So namespaces will not be registered
[6/19/22 13:37:30:102 AST] 00000017 com.ibm.ws.security.ready.internal.SecurityReadyServiceImpl  I CWWKS0007I: The security service is starting...
[6/19/22 13:37:30:224 AST] 00000019 com.ibm.ws.app.manager.internal.monitor.DropinMonitor        A CWWKZ0058I: Monitoring dropins for applications.
[6/19/22 13:37:30:281 AST] 0000001a com.ibm.ws.cache.ServerCache                                 I DYNA1001I: WebSphere Dynamic Cache instance named baseCache initialized successfully.
[6/19/22 13:37:30:283 AST] 0000001a com.ibm.ws.cache.ServerCache                                 I DYNA1071I: The cache provider default is being used.
[6/19/22 13:37:30:284 AST] 0000001a com.ibm.ws.cache.CacheServiceImpl                            I DYNA1056I: Dynamic Cache (object cache) initialized successfully.
[6/19/22 13:37:30:733 AST] 00000020 com.ibm.ws.ssl.config.WSKeyStore                             A CWPKI0820A: The default keystore has been created using the 'keystore_password' environment variable.
[6/19/22 13:37:30:784 AST] 00000017 ibm.ws.security.authentication.internal.jaas.JAASServiceImpl I CWWKS1123I: The collective authentication plugin with class name NullCollectiveAuthenticationPlugin has been activated. 
[6/19/22 13:37:30:937 AST] 0000002e com.ibm.ws.security.token.ltpa.internal.LTPAKeyCreateTask    I CWWKS4105I: LTPA configuration is ready after 0.190 seconds.
[6/19/22 13:37:31:047 AST] 00000020 com.ibm.ws.ssl.config.WSKeyStore                             I Successfully loaded default keystore: C:/Users/MOI/DeportationFineServices/target/liberty/wlp/usr/servers/defaultServer/resources/security/key.p12 of type: PKCS12
[6/19/22 13:37:31:370 AST] 00000017 com.ibm.ws.session.WASSessionCore                            I SESN8501I: The session manager did not find a persistent storage location; HttpSession objects will be stored in the local application server's memory.
[6/19/22 13:37:31:500 AST] 00000017 .microprofile.metrics.internal.monitor.MonitorMetricsHandler I CWPMI2003I: Monitoring metrics can be retrieved through mpMetrics.
[6/19/22 13:37:31:817 AST] 00000028 com.ibm.ws.app.manager.AppMessageHelper                      I CWWKZ0018I: Starting application DeportationFineServices.
[6/19/22 13:37:31:818 AST] 00000028 bm.ws.app.manager.war.internal.WARDeployedAppInfoFactoryImpl I CWWKZ0134I: The DeportationFineServices application is using the loose application definition at the C:\Users\MOI\DeportationFineServices\target\liberty\wlp\usr\servers\defaultServer\apps\DeportationFineServices.war.xml location.
[6/19/22 13:37:32:063 AST] 00000025 com.ibm.ws.webcontainer.osgi.webapp.WebGroup                 I SRVE0169I: Loading Web Module: PublicMicroProfileMetrics.
[6/19/22 13:37:32:064 AST] 0000003b com.ibm.ws.webcontainer.osgi.webapp.WebGroup                 I SRVE0169I: Loading Web Module: ibm/api.
[6/19/22 13:37:32:067 AST] 0000003b com.ibm.ws.webcontainer                                      I SRVE0250I: Web Module ibm/api has been bound to default_host.
[6/19/22 13:37:32:067 AST] 00000025 com.ibm.ws.webcontainer                                      I SRVE0250I: Web Module PublicMicroProfileMetrics has been bound to default_host.
[6/19/22 13:37:32:069 AST] 0000003b com.ibm.ws.http.internal.VirtualHostImpl                     A CWWKT0016I: Web application available (default_host): http://moi-7hembmla4ur:9080/ibm/api/
[6/19/22 13:37:32:071 AST] 00000025 com.ibm.ws.http.internal.VirtualHostImpl                     A CWWKT0016I: Web application available (default_host): http://moi-7hembmla4ur:9080/metrics/
[6/19/22 13:37:32:218 AST] 00000030 com.ibm.ws.session.WASSessionCore                            I SESN0176I: A new session context will be created for application key default_host/metrics
[6/19/22 13:37:32:217 AST] 0000002f com.ibm.ws.session.WASSessionCore                            I SESN0176I: A new session context will be created for application key default_host/ibm/api
[6/19/22 13:37:32:291 AST] 00000030 com.ibm.ws.util                                              I SESN0172I: The session manager is using the Java default SecureRandom implementation for session ID generation.
[6/19/22 13:37:32:299 AST] 00000028 org.jboss.weld.Version                                       I WELD-000900: 3.1.9 (Final)
[6/19/22 13:37:32:300 AST] 0000002f com.ibm.ws.util                                              I SESN0172I: The session manager is using the Java default SecureRandom implementation for session ID generation.
[6/19/22 13:37:32:415 AST] 00000030 com.ibm.ws.cache.CacheServiceImpl                            I DYNA1056I: Dynamic Cache (object cache) initialized successfully.
[6/19/22 13:37:32:664 AST] 00000030 com.ibm.ws.webcontainer.servlet                              I SRVE0242I: [io.openliberty.microprofile.metrics.internal.public] [/metrics] [PublicMetricsRESTProxyServlet]: Initialization successful.
[6/19/22 13:37:32:973 AST] 00000028 com.ibm.ws.webcontainer.osgi.webapp.WebGroup                 I SRVE0169I: Loading Web Module: DeportationFineServices.
[6/19/22 13:37:32:974 AST] 00000028 com.ibm.ws.webcontainer                                      I SRVE0250I: Web Module DeportationFineServices has been bound to default_host.
[6/19/22 13:37:32:974 AST] 00000028 com.ibm.ws.http.internal.VirtualHostImpl                     A CWWKT0016I: Web application available (default_host): http://moi-7hembmla4ur:9080/DeportationFineServices/
[6/19/22 13:37:33:030 AST] 00000033 com.ibm.ws.session.WASSessionCore                            I SESN0176I: A new session context will be created for application key default_host/DeportationFineServices
[6/19/22 13:37:33:030 AST] 00000033 com.ibm.ws.util                                              I SESN0172I: The session manager is using the Java default SecureRandom implementation for session ID generation.
[6/19/22 13:37:33:037 AST] 00000033 com.ibm.ws.app.manager.AppMessageHelper                      A CWWKZ0001I: Application DeportationFineServices started in 1.219 seconds.
[6/19/22 13:37:33:068 AST] 00000024 com.ibm.ws.tcpchannel.internal.TCPPort                       I CWWKO0219I: TCP Channel defaultHttpEndpoint has been started and is now listening for requests on host *  (IPv6) port 9080.
[6/19/22 13:37:33:071 AST] 00000024 com.ibm.ws.tcpchannel.internal.TCPPort                       I CWWKO0219I: TCP Channel defaultHttpEndpoint-ssl has been started and is now listening for requests on host *  (IPv6) port 9443.
[6/19/22 13:37:33:079 AST] 00000024 com.ibm.ws.kernel.feature.internal.FeatureManager            A CWWKF0012I: The server installed the following features: [cdi-2.0, distributedMap-1.0, jaxrs-2.1, jaxrsClient-2.1, jndi-1.0, json-1.0, jsonp-1.1, monitor-1.0, mpConfig-2.0, mpMetrics-3.0, servlet-4.0, ssl-1.0].
[6/19/22 13:37:33:080 AST] 00000024 com.ibm.ws.kernel.feature.internal.FeatureManager            I CWWKF0008I: Feature update completed in 3.205 seconds.
[6/19/22 13:37:33:080 AST] 00000024 com.ibm.ws.kernel.feature.internal.FeatureManager            A CWWKF0011I: The defaultServer server is ready to run a smarter planet. The defaultServer server started in 3.992 seconds.
[6/19/22 13:37:33:123 AST] 0000002e com.ibm.ws.webcontainer.osgi.mbeans.PluginGenerator          I SRVE9103I: A configuration file for a web server plugin was automatically generated for this server at C:\Users\MOI\DeportationFineServices\target\liberty\wlp\usr\servers\defaultServer\logs\state\plugin-cfg.xml.
[6/19/22 13:37:33:242 AST] 00000032 com.ibm.ws.webcontainer.osgi.mbeans.PluginGenerator          I SRVE9103I: A configuration file for a web server plugin was automatically generated for this server at C:\Users\MOI\DeportationFineServices\target\liberty\wlp\usr\servers\defaultServer\logs\state\plugin-cfg.xml.
[6/19/22 13:37:36:202 AST] 00000033 com.ibm.ws.http.internal.VirtualHostImpl                     A CWWKT0017I: Web application removed (default_host): http://moi-7hembmla4ur:9080/DeportationFineServices/
[6/19/22 13:37:36:221 AST] 00000033 com.ibm.ws.app.manager.AppMessageHelper                      A CWWKZ0009I: The application DeportationFineServices has stopped successfully.
[6/19/22 13:37:36:228 AST] 00000033 com.ibm.ws.app.manager.AppMessageHelper                      I CWWKZ0018I: Starting application DeportationFineServices.
[6/19/22 13:37:36:229 AST] 00000033 bm.ws.app.manager.war.internal.WARDeployedAppInfoFactoryImpl I CWWKZ0134I: The DeportationFineServices application is using the loose application definition at the C:\Users\MOI\DeportationFineServices\target\liberty\wlp\usr\servers\defaultServer\apps\DeportationFineServices.war.xml location.
[6/19/22 13:37:36:329 AST] 00000027 com.ibm.ws.webcontainer.osgi.mbeans.PluginGenerator          I SRVE9103I: A configuration file for a web server plugin was automatically generated for this server at C:\Users\MOI\DeportationFineServices\target\liberty\wlp\usr\servers\defaultServer\logs\state\plugin-cfg.xml.
[6/19/22 13:37:36:438 AST] 00000033 com.ibm.ws.webcontainer.osgi.webapp.WebGroup                 I SRVE0169I: Loading Web Module: DeportationFineServices.
[6/19/22 13:37:36:438 AST] 00000033 com.ibm.ws.webcontainer                                      I SRVE0250I: Web Module DeportationFineServices has been bound to default_host.
[6/19/22 13:37:36:438 AST] 00000033 com.ibm.ws.http.internal.VirtualHostImpl                     A CWWKT0016I: Web application available (default_host): http://moi-7hembmla4ur:9080/DeportationFineServices/
[6/19/22 13:37:36:457 AST] 00000032 com.ibm.ws.session.WASSessionCore                            I SESN0176I: A new session context will be created for application key default_host/DeportationFineServices
[6/19/22 13:37:36:457 AST] 00000032 com.ibm.ws.util                                              I SESN0172I: The session manager is using the Java default SecureRandom implementation for session ID generation.
[6/19/22 13:37:36:465 AST] 00000032 com.ibm.ws.app.manager.AppMessageHelper                      A CWWKZ0003I: The application DeportationFineServices updated in 0.236 seconds.
[6/19/22 13:37:36:529 AST] 00000039 com.ibm.ws.webcontainer.osgi.mbeans.PluginGenerator          I SRVE9103I: A configuration file for a web server plugin was automatically generated for this server at C:\Users\MOI\DeportationFineServices\target\liberty\wlp\usr\servers\defaultServer\logs\state\plugin-cfg.xml.
[6/19/22 13:37:43:974 AST] 0000002d com.ibm.ws.webcontainer.servlet                              I SRVE0242I: [DeportationFineServices] [/DeportationFineServices] [com.moi.sahlservices.resources.DeportationFineServices]: Initialization successful.
[6/19/22 13:37:44:083 AST] 0000002d SystemOut                                                    O before calling callSoapWebService
[6/19/22 13:37:44:126 AST] 0000002d SystemOut                                                    O Request SOAP Message:
[6/19/22 13:37:44:126 AST] 0000002d SystemOut                                                    O <SOAP-ENV:Envelope xmlns:SOAP-ENV="http://schemas.xmlsoap.org/soap/envelope/" xmlns:def="http://www.moi.gov.kw/Services/MoiDeportationFineServices/V1/Definitions"><SOAP-ENV:Header/><SOAP-ENV:Body><def:InquireDeportationListData><sponsorType>1</sponsorType><sponsorNumber>285063000886</sponsorNumber></def:InquireDeportationListData></SOAP-ENV:Body></SOAP-ENV:Envelope>
[6/19/22 13:37:44:126 AST] 0000002d SystemOut                                                    O 

[6/19/22 13:37:44:173 AST] 0000002d SystemOut                                                    O after calling callSoapWebService
[6/19/22 13:37:44:173 AST] 0000002d SystemOut                                                    O   Response SOAP Message:
[6/19/22 13:37:44:173 AST] 0000002d SystemOut                                                    O <NS1:Envelope xmlns:NS1="http://schemas.xmlsoap.org/soap/envelope/"><NS1:Body><NS2:InquireDeportationListDataResponse xmlns:NS2="http://www.moi.gov.kw/Services/MoiDeportationFineServices/V1/Definitions"><statusCode>1</statusCode><statusMessage>Active Tickets available for Sponsor    </statusMessage><sponsorType>1</sponsorType><sponsorNumber>285063000886</sponsorNumber><sponsorName>ﻟﻳﻧﺎ ع   ﻋﺑداﻟﻌزﻳز                                          </sponsorName><totalCount>1</totalCount><totalAmount>54.000            </totalAmount><moreData> </moreData><inquireDeportationListData><personNumber>119175104</personNumber><personName>ﺳﻟﻣﺎن ﻧﺎﺻر                                                  </personName><personSex>ذﻛر   </personSex><personNationality>ﺳورﻳﺎ                         </personNationality><ticketPrice>54.000   </ticketPrice></inquireDeportationListData></NS2:InquireDeportationListDataResponse></NS1:Body></NS1:Envelope>
[6/19/22 13:37:44:200 AST] 0000002d SystemOut                                                    O Request SOAP Message:
[6/19/22 13:37:44:201 AST] 0000002d SystemOut                                                    O <SOAP-ENV:Envelope xmlns:SOAP-ENV="http://schemas.xmlsoap.org/soap/envelope/" xmlns:per="http://tempuri.org/PersonDetailsDisplay/"><SOAP-ENV:Header/><SOAP-ENV:Body><per:PersonDetailsDisplaycall><PersonDetailsDisplayImport><InputParameters><ResidentNatNumber>119175104</ResidentNatNumber></InputParameters></PersonDetailsDisplayImport></per:PersonDetailsDisplaycall></SOAP-ENV:Body></SOAP-ENV:Envelope>
[6/19/22 13:37:44:201 AST] 0000002d SystemOut                                                    O 

[6/19/22 13:37:44:272 AST] 0000002d SystemOut                                                    O Request SOAP Message:
[6/19/22 13:37:44:273 AST] 0000002d SystemOut                                                    O <SOAP-ENV:Envelope xmlns:SOAP-ENV="http://schemas.xmlsoap.org/soap/envelope/" xmlns:per="http://tempuri.org/PersonDetailsDisplay/"><SOAP-ENV:Header/><SOAP-ENV:Body><per:PersonDetailsDisplaycall><PersonDetailsDisplayImport><InputParameters><ResidentNatNumber>119175104</ResidentNatNumber></InputParameters></PersonDetailsDisplayImport></per:PersonDetailsDisplaycall></SOAP-ENV:Body></SOAP-ENV:Envelope>
[6/19/22 13:37:44:273 AST] 0000002d SystemOut                                                    O 

[6/19/22 13:37:44:299 AST] 0000002d SystemOut                                                    O Request SOAP Message:
[6/19/22 13:37:44:299 AST] 0000002d SystemOut                                                    O <SOAP-ENV:Envelope xmlns:SOAP-ENV="http://schemas.xmlsoap.org/soap/envelope/" xmlns:per="http://tempuri.org/PersonDetailsDisplay/"><SOAP-ENV:Header/><SOAP-ENV:Body><per:PersonDetailsDisplaycall><PersonDetailsDisplayImport><InputParameters><ResidentNatNumber>119175104</ResidentNatNumber></InputParameters></PersonDetailsDisplayImport></per:PersonDetailsDisplaycall></SOAP-ENV:Body></SOAP-ENV:Envelope>
[6/19/22 13:37:44:300 AST] 0000002d SystemOut                                                    O 

[6/19/22 13:37:44:316 AST] 0000002d SystemOut                                                    O Request SOAP Message:
[6/19/22 13:37:44:316 AST] 0000002d SystemOut                                                    O <SOAP-ENV:Envelope xmlns:SOAP-ENV="http://schemas.xmlsoap.org/soap/envelope/" xmlns:per="http://tempuri.org/PersonDetailsDisplay/"><SOAP-ENV:Header/><SOAP-ENV:Body><per:PersonDetailsDisplaycall><PersonDetailsDisplayImport><InputParameters><ResidentNatNumber>119175104</ResidentNatNumber></InputParameters></PersonDetailsDisplayImport></per:PersonDetailsDisplaycall></SOAP-ENV:Body></SOAP-ENV:Envelope>
[6/19/22 13:37:44:316 AST] 0000002d SystemOut                                                    O 

[6/19/22 13:37:44:331 AST] 0000002d SystemOut                                                    O Request SOAP Message:
[6/19/22 13:37:44:331 AST] 0000002d SystemOut                                                    O <SOAP-ENV:Envelope xmlns:SOAP-ENV="http://schemas.xmlsoap.org/soap/envelope/" xmlns:per="http://tempuri.org/PersonDetailsDisplay/"><SOAP-ENV:Header/><SOAP-ENV:Body><per:PersonDetailsDisplaycall><PersonDetailsDisplayImport><InputParameters><ResidentNatNumber>119175104</ResidentNatNumber></InputParameters></PersonDetailsDisplayImport></per:PersonDetailsDisplaycall></SOAP-ENV:Body></SOAP-ENV:Envelope>
[6/19/22 13:37:44:331 AST] 0000002d SystemOut                                                    O 

[6/19/22 13:37:47:628 AST] 00000027 SystemOut                                                    O getting the civil id
[6/19/22 13:37:50:538 AST] 00000037 SystemOut                                                    O Request SOAP Message:
[6/19/22 13:37:50:538 AST] 00000037 SystemOut                                                    O <SOAP-ENV:Envelope xmlns:SOAP-ENV="http://schemas.xmlsoap.org/soap/envelope/" xmlns:def="http://www.moi.gov.kw/Services/MoiDeportationFineServices/V1/Definitions"><SOAP-ENV:Header/><SOAP-ENV:Body><def:InquireDeportationListData><sponsorType>1</sponsorType><sponsorNumber>285063000886</sponsorNumber></def:InquireDeportationListData></SOAP-ENV:Body></SOAP-ENV:Envelope>
[6/19/22 13:37:50:538 AST] 00000037 SystemOut                                                    O 

[6/19/22 13:37:53:629 AST] 00000036 SystemOut                                                    O before calling callSoapWebService init payment
[6/19/22 13:37:53:640 AST] 00000036 SystemOut                                                    O -----------------------------10------------1-----------
[6/19/22 13:37:53:640 AST] 00000036 SystemOut                                                    O -----1------------C:\Users\MOI\DeportationFineServices\target\liberty\wlp\usr\servers\defaultServer
[6/19/22 13:37:53:641 AST] 00000036 SystemOut                                                    O -----77------------UsernameToken-6E7F82F20833FD165316396362254181
[6/19/22 13:37:53:641 AST] 00000036 SystemOut                                                    O -----------------------------10------------2-----------
[6/19/22 13:37:53:642 AST] 00000036 SystemOut                                                    O -----------------------------10---------------3--------
[6/19/22 13:37:53:643 AST] 00000036 SystemOut                                                    O -----1------------C:\Users\MOI\DeportationFineServices\target\liberty\wlp\usr\servers\defaultServer
[6/19/22 13:37:53:644 AST] 00000036 SystemOut                                                    O -----77------------MOISAHELTESTWSUser
[6/19/22 13:37:53:645 AST] 00000036 SystemOut                                                    O -----1------------C:\Users\MOI\DeportationFineServices\target\liberty\wlp\usr\servers\defaultServer
[6/19/22 13:37:53:645 AST] 00000036 SystemOut                                                    O -----77------------ey+hn0nb9mpEbhhZ7M0qZk7u3zY=
[6/19/22 13:37:53:646 AST] 00000036 SystemOut                                                    O -----1------------C:\Users\MOI\DeportationFineServices\target\liberty\wlp\usr\servers\defaultServer
[6/19/22 13:37:53:647 AST] 00000036 SystemOut                                                    O -----77------------cMlDW0fnanjXbcLKNiJc0Q==
[6/19/22 13:37:53:649 AST] 00000036 SystemOut                                                    O Request SOAP Message:
[6/19/22 13:37:53:650 AST] 00000036 SystemOut                                                    O <SOAP-ENV:Envelope xmlns:SOAP-ENV="http://schemas.xmlsoap.org/soap/envelope/" xmlns:def="http://www.moi.gov.kw/Services/PayGateService/V1/Definitions" xmlns:moih="http://www.moi.gov.kw/Common/V1/MoiHeader"><SOAP-ENV:Header><wsse:Security xmlns:soapenv="http://docs.oasis-open.org/wss/2004/01/oasis-200401-wss-wssecurity-secext-1.0.xsd" xmlns:wsse="http://docs.oasis-open.org/wss/2004/01/oasis-200401-wss-wssecurity-secext-1.0.xsd" xmlns:wsu="http://docs.oasis-open.org/wss/2004/01/oasis-200401-wss-wssecurity-utility-1.0.xsd" soapenv:mustUnderstand="0"><wsse:UsernameToken wsu:Id="UsernameToken-6E7F82F20833FD165316396362254181"><wsse:Username>MOISAHELTESTWSUser</wsse:Username><wsse:Password Type="http://docs.oasis-open.org/wss/2004/01/oasis-200401-wss-username-token-profile-1.0#PasswordDigest">ey+hn0nb9mpEbhhZ7M0qZk7u3zY=</wsse:Password><wsse:Nonce EncodingType="http://docs.oasis-open.org/wss/2004/01/oasis-200401-wss-soap-message-security-1.0#Base64Binary">cMlDW0fnanjXbcLKNiJc0Q==</wsse:Nonce><wsu:Created>2021-12-16T06:30:25.414Z</wsu:Created></wsse:UsernameToken></wsse:Security><moih:MoiHeader><Entity>MOI</Entity><Department>IT</Department><Application>SHLPAYVIEW</Application><Requestor>285063000886</Requestor></moih:MoiHeader></SOAP-ENV:Header><SOAP-ENV:Body><def:InitiatePaymentRequest><civilId>285063000886</civilId><totalPayAmt>54</totalPayAmt><contactInfo><emailId> </emailId><mobile>00000000</mobile></contactInfo><language>AR</language><currency>KWD</currency><channelID>4</channelID><paymentMethod>1</paymentMethod><serviceType>7</serviceType><paymentList><number>119175104</number><year>2022</year><amount>54</amount><descriptionEn>Deportee Ticket</descriptionEn><descriptionAr>دفع تذكرة مبعد</descriptionAr><field1>1</field1></paymentList></def:InitiatePaymentRequest></SOAP-ENV:Body></SOAP-ENV:Envelope>
[6/19/22 13:37:53:650 AST] 00000036 SystemOut                                                    O 

[6/19/22 13:37:53:960 AST] 00000036 SystemOut                                                    O Response SOAP Message:
[6/19/22 13:37:53:961 AST] 00000036 SystemOut                                                    O <?xml version="1.0" encoding="UTF-8"?>
<soapenv:Envelope xmlns:xsi="http://www.w3.org/2001/XMLSchema-instance" xmlns:xsd="http://www.w3.org/2001/XMLSchema" xmlns:soapenv="http://schemas.xmlsoap.org/soap/envelope/"><soapenv:Body><soapenv:Fault><faultcode>soapenv:Server.userException</faultcode><faultstring>kw.gov.moi.pg.PGException: java.lang.RuntimeException: Failed : HTTP error code : 503</faultstring><detail><ns1:hostname xmlns:ns1="http://xml.apache.org/axis/">PAYTESTWAS</ns1:hostname></detail></soapenv:Fault></soapenv:Body></soapenv:Envelope>
[6/19/22 13:40:44:419 AST] 0000006a SystemOut                                                    O before calling callSoapWebService init payment
[6/19/22 13:40:44:421 AST] 0000006a SystemOut                                                    O -----------------------------10------------1-----------
[6/19/22 13:40:44:421 AST] 0000006a SystemOut                                                    O -----1------------C:\Users\MOI\DeportationFineServices\target\liberty\wlp\usr\servers\defaultServer
[6/19/22 13:40:44:421 AST] 0000006a SystemOut                                                    O -----77------------UsernameToken-6E7F82F20833FD165316396362254181
[6/19/22 13:40:44:422 AST] 0000006a SystemOut                                                    O -----------------------------10------------2-----------
[6/19/22 13:40:44:422 AST] 0000006a SystemOut                                                    O -----------------------------10---------------3--------
[6/19/22 13:40:44:422 AST] 0000006a SystemOut                                                    O -----1------------C:\Users\MOI\DeportationFineServices\target\liberty\wlp\usr\servers\defaultServer
[6/19/22 13:40:44:422 AST] 0000006a SystemOut                                                    O -----77------------MOISAHELTESTWSUser
[6/19/22 13:40:44:422 AST] 0000006a SystemOut                                                    O -----1------------C:\Users\MOI\DeportationFineServices\target\liberty\wlp\usr\servers\defaultServer
[6/19/22 13:40:44:423 AST] 0000006a SystemOut                                                    O -----77------------ey+hn0nb9mpEbhhZ7M0qZk7u3zY=
[6/19/22 13:40:44:423 AST] 0000006a SystemOut                                                    O -----1------------C:\Users\MOI\DeportationFineServices\target\liberty\wlp\usr\servers\defaultServer
[6/19/22 13:40:44:423 AST] 0000006a SystemOut                                                    O -----77------------cMlDW0fnanjXbcLKNiJc0Q==
[6/19/22 13:40:44:425 AST] 0000006a SystemOut                                                    O Request SOAP Message:
[6/19/22 13:40:44:425 AST] 0000006a SystemOut                                                    O <SOAP-ENV:Envelope xmlns:SOAP-ENV="http://schemas.xmlsoap.org/soap/envelope/" xmlns:def="http://www.moi.gov.kw/Services/PayGateService/V1/Definitions" xmlns:moih="http://www.moi.gov.kw/Common/V1/MoiHeader"><SOAP-ENV:Header><wsse:Security xmlns:soapenv="http://docs.oasis-open.org/wss/2004/01/oasis-200401-wss-wssecurity-secext-1.0.xsd" xmlns:wsse="http://docs.oasis-open.org/wss/2004/01/oasis-200401-wss-wssecurity-secext-1.0.xsd" xmlns:wsu="http://docs.oasis-open.org/wss/2004/01/oasis-200401-wss-wssecurity-utility-1.0.xsd" soapenv:mustUnderstand="0"><wsse:UsernameToken wsu:Id="UsernameToken-6E7F82F20833FD165316396362254181"><wsse:Username>MOISAHELTESTWSUser</wsse:Username><wsse:Password Type="http://docs.oasis-open.org/wss/2004/01/oasis-200401-wss-username-token-profile-1.0#PasswordDigest">ey+hn0nb9mpEbhhZ7M0qZk7u3zY=</wsse:Password><wsse:Nonce EncodingType="http://docs.oasis-open.org/wss/2004/01/oasis-200401-wss-soap-message-security-1.0#Base64Binary">cMlDW0fnanjXbcLKNiJc0Q==</wsse:Nonce><wsu:Created>2021-12-16T06:30:25.414Z</wsu:Created></wsse:UsernameToken></wsse:Security><moih:MoiHeader><Entity>MOI</Entity><Department>IT</Department><Application>SHLPAYVIEW</Application><Requestor>285063000886</Requestor></moih:MoiHeader></SOAP-ENV:Header><SOAP-ENV:Body><def:InitiatePaymentRequest><civilId>285063000886</civilId><totalPayAmt>54</totalPayAmt><contactInfo><emailId> </emailId><mobile>00000000</mobile></contactInfo><language>AR</language><currency>KWD</currency><channelID>4</channelID><paymentMethod>1</paymentMethod><serviceType>7</serviceType><paymentList><number>119175104</number><year>2022</year><amount>54</amount><descriptionEn>Deportee Ticket</descriptionEn><descriptionAr>دفع تذكرة مبعد</descriptionAr><field1>1</field1></paymentList></def:InitiatePaymentRequest></SOAP-ENV:Body></SOAP-ENV:Envelope>
[6/19/22 13:40:44:425 AST] 0000006a SystemOut                                                    O 

[6/19/22 13:40:44:659 AST] 0000006a SystemOut                                                    O Response SOAP Message:
[6/19/22 13:40:44:660 AST] 0000006a SystemOut                                                    O <?xml version="1.0" encoding="UTF-8"?>
<soapenv:Envelope xmlns:xsi="http://www.w3.org/2001/XMLSchema-instance" xmlns:xsd="http://www.w3.org/2001/XMLSchema" xmlns:soapenv="http://schemas.xmlsoap.org/soap/envelope/"><soapenv:Header><ns1:MoiHeader xmlns:ns1="http://www.moi.gov.kw/Common/V1/MoiHeader"><Entity>MOI</Entity><Department>IT</Department><Application>SHLPAYVIEW</Application><Requestor>285063000886</Requestor></ns1:MoiHeader></soapenv:Header><soapenv:Body><InitiatePaymentResponse xmlns="http://www.moi.gov.kw/Services/PayGateService/V1/Definitions"><statusCode xmlns="">I</statusCode><statusMessage xmlns="">Payment Initialized Successfully</statusMessage><civilId xmlns="">285063000886</civilId><baseUrl xmlns="">https://kpaytest.com.kw/kpg/paymentpage.htm?</baseUrl><token xmlns="">NOT APPLIED</token><params xmlns=""><paramName>PaymentID</paramName><paramValue>100202217082378446</paramValue></params><httpMethod xmlns="">GET</httpMethod></InitiatePaymentResponse></soapenv:Body></soapenv:Envelope>
[6/19/22 13:41:22:125 AST] 0000005d com.ibm.ws.http.internal.VirtualHostImpl                     A CWWKT0017I: Web application removed (default_host): http://moi-7hembmla4ur:9080/DeportationFineServices/
[6/19/22 13:41:22:128 AST] 0000005d com.ibm.ws.webcontainer.servlet                              I SRVE0253I: [DeportationFineServices] [/DeportationFineServices] [com.moi.sahlservices.resources.DeportationFineServices]: Destroy successful.
[6/19/22 13:41:22:133 AST] 0000005d com.ibm.ws.app.manager.AppMessageHelper                      A CWWKZ0009I: The application DeportationFineServices has stopped successfully.
[6/19/22 13:41:22:138 AST] 0000005d com.ibm.ws.app.manager.AppMessageHelper                      I CWWKZ0018I: Starting application DeportationFineServices.
[6/19/22 13:41:22:139 AST] 0000005d bm.ws.app.manager.war.internal.WARDeployedAppInfoFactoryImpl I CWWKZ0134I: The DeportationFineServices application is using the loose application definition at the C:\Users\MOI\DeportationFineServices\target\liberty\wlp\usr\servers\defaultServer\apps\DeportationFineServices.war.xml location.
[6/19/22 13:41:22:246 AST] 00000063 com.ibm.ws.webcontainer.osgi.mbeans.PluginGenerator          I SRVE9103I: A configuration file for a web server plugin was automatically generated for this server at C:\Users\MOI\DeportationFineServices\target\liberty\wlp\usr\servers\defaultServer\logs\state\plugin-cfg.xml.
[6/19/22 13:41:22:343 AST] 0000005d com.ibm.ws.webcontainer.osgi.webapp.WebGroup                 I SRVE0169I: Loading Web Module: DeportationFineServices.
[6/19/22 13:41:22:343 AST] 0000005d com.ibm.ws.webcontainer                                      I SRVE0250I: Web Module DeportationFineServices has been bound to default_host.
[6/19/22 13:41:22:343 AST] 0000005d com.ibm.ws.http.internal.VirtualHostImpl                     A CWWKT0016I: Web application available (default_host): http://moi-7hembmla4ur:9080/DeportationFineServices/
[6/19/22 13:41:22:351 AST] 00000066 com.ibm.ws.session.WASSessionCore                            I SESN0176I: A new session context will be created for application key default_host/DeportationFineServices
[6/19/22 13:41:22:351 AST] 00000066 com.ibm.ws.util                                              I SESN0172I: The session manager is using the Java default SecureRandom implementation for session ID generation.
[6/19/22 13:41:22:355 AST] 00000066 com.ibm.ws.app.manager.AppMessageHelper                      A CWWKZ0003I: The application DeportationFineServices updated in 0.216 seconds.
[6/19/22 13:41:22:427 AST] 00000071 com.ibm.ws.webcontainer.osgi.mbeans.PluginGenerator          I SRVE9103I: A configuration file for a web server plugin was automatically generated for this server at C:\Users\MOI\DeportationFineServices\target\liberty\wlp\usr\servers\defaultServer\logs\state\plugin-cfg.xml.
[6/19/22 13:42:31:776 AST] 0000008b com.ibm.ws.http.internal.VirtualHostImpl                     A CWWKT0017I: Web application removed (default_host): http://moi-7hembmla4ur:9080/DeportationFineServices/
[6/19/22 13:42:31:783 AST] 0000008b com.ibm.ws.app.manager.AppMessageHelper                      A CWWKZ0009I: The application DeportationFineServices has stopped successfully.
[6/19/22 13:42:31:789 AST] 0000008b com.ibm.ws.app.manager.AppMessageHelper                      I CWWKZ0018I: Starting application DeportationFineServices.
[6/19/22 13:42:31:790 AST] 0000008b bm.ws.app.manager.war.internal.WARDeployedAppInfoFactoryImpl I CWWKZ0134I: The DeportationFineServices application is using the loose application definition at the C:\Users\MOI\DeportationFineServices\target\liberty\wlp\usr\servers\defaultServer\apps\DeportationFineServices.war.xml location.
[6/19/22 13:42:31:882 AST] 0000008e com.ibm.ws.webcontainer.osgi.mbeans.PluginGenerator          I SRVE9103I: A configuration file for a web server plugin was automatically generated for this server at C:\Users\MOI\DeportationFineServices\target\liberty\wlp\usr\servers\defaultServer\logs\state\plugin-cfg.xml.
[6/19/22 13:42:32:004 AST] 0000008b com.ibm.ws.webcontainer.osgi.webapp.WebGroup                 I SRVE0169I: Loading Web Module: DeportationFineServices.
[6/19/22 13:42:32:005 AST] 0000008b com.ibm.ws.webcontainer                                      I SRVE0250I: Web Module DeportationFineServices has been bound to default_host.
[6/19/22 13:42:32:005 AST] 0000008b com.ibm.ws.http.internal.VirtualHostImpl                     A CWWKT0016I: Web application available (default_host): http://moi-7hembmla4ur:9080/DeportationFineServices/
[6/19/22 13:42:32:029 AST] 00000065 com.ibm.ws.session.WASSessionCore                            I SESN0176I: A new session context will be created for application key default_host/DeportationFineServices
[6/19/22 13:42:32:029 AST] 00000065 com.ibm.ws.util                                              I SESN0172I: The session manager is using the Java default SecureRandom implementation for session ID generation.
[6/19/22 13:42:32:035 AST] 00000065 com.ibm.ws.app.manager.AppMessageHelper                      A CWWKZ0003I: The application DeportationFineServices updated in 0.245 seconds.
[6/19/22 13:42:32:100 AST] 0000008b com.ibm.ws.webcontainer.osgi.mbeans.PluginGenerator          I SRVE9103I: A configuration file for a web server plugin was automatically generated for this server at C:\Users\MOI\DeportationFineServices\target\liberty\wlp\usr\servers\defaultServer\logs\state\plugin-cfg.xml.
[6/19/22 13:42:38:144 AST] 0000005a com.ibm.ws.http.internal.VirtualHostImpl                     A CWWKT0017I: Web application removed (default_host): http://moi-7hembmla4ur:9080/DeportationFineServices/
[6/19/22 13:42:38:150 AST] 0000005a com.ibm.ws.app.manager.AppMessageHelper                      A CWWKZ0009I: The application DeportationFineServices has stopped successfully.
[6/19/22 13:42:38:156 AST] 0000005a com.ibm.ws.app.manager.AppMessageHelper                      I CWWKZ0018I: Starting application DeportationFineServices.
[6/19/22 13:42:38:156 AST] 0000005a bm.ws.app.manager.war.internal.WARDeployedAppInfoFactoryImpl I CWWKZ0134I: The DeportationFineServices application is using the loose application definition at the C:\Users\MOI\DeportationFineServices\target\liberty\wlp\usr\servers\defaultServer\apps\DeportationFineServices.war.xml location.
[6/19/22 13:42:38:277 AST] 00000065 com.ibm.ws.webcontainer.osgi.mbeans.PluginGenerator          I SRVE9103I: A configuration file for a web server plugin was automatically generated for this server at C:\Users\MOI\DeportationFineServices\target\liberty\wlp\usr\servers\defaultServer\logs\state\plugin-cfg.xml.
[6/19/22 13:42:38:327 AST] 0000005a com.ibm.ws.webcontainer.osgi.webapp.WebGroup                 I SRVE0169I: Loading Web Module: DeportationFineServices.
[6/19/22 13:42:38:328 AST] 0000005a com.ibm.ws.webcontainer                                      I SRVE0250I: Web Module DeportationFineServices has been bound to default_host.
[6/19/22 13:42:38:328 AST] 0000005a com.ibm.ws.http.internal.VirtualHostImpl                     A CWWKT0016I: Web application available (default_host): http://moi-7hembmla4ur:9080/DeportationFineServices/
[6/19/22 13:42:38:336 AST] 0000006e com.ibm.ws.session.WASSessionCore                            I SESN0176I: A new session context will be created for application key default_host/DeportationFineServices
[6/19/22 13:42:38:337 AST] 0000006e com.ibm.ws.util                                              I SESN0172I: The session manager is using the Java default SecureRandom implementation for session ID generation.
[6/19/22 13:42:38:340 AST] 0000006e com.ibm.ws.app.manager.AppMessageHelper                      A CWWKZ0003I: The application DeportationFineServices updated in 0.184 seconds.
[6/19/22 13:42:38:410 AST] 0000005a com.ibm.ws.webcontainer.osgi.mbeans.PluginGenerator          I SRVE9103I: A configuration file for a web server plugin was automatically generated for this server at C:\Users\MOI\DeportationFineServices\target\liberty\wlp\usr\servers\defaultServer\logs\state\plugin-cfg.xml.
[6/19/22 14:55:34:153 AST] 00000555 com.ibm.ws.http.internal.VirtualHostImpl                     A CWWKT0017I: Web application removed (default_host): http://moi-7hembmla4ur:9080/DeportationFineServices/
[6/19/22 14:55:34:294 AST] 00000555 com.ibm.ws.app.manager.AppMessageHelper                      A CWWKZ0009I: The application DeportationFineServices has stopped successfully.
[6/19/22 14:55:34:365 AST] 00000555 com.ibm.ws.app.manager.AppMessageHelper                      I CWWKZ0018I: Starting application DeportationFineServices.
[6/19/22 14:55:34:365 AST] 00000555 bm.ws.app.manager.war.internal.WARDeployedAppInfoFactoryImpl I CWWKZ0134I: The DeportationFineServices application is using the loose application definition at the C:\Users\MOI\DeportationFineServices\target\liberty\wlp\usr\servers\defaultServer\apps\DeportationFineServices.war.xml location.
[6/19/22 14:55:34:603 AST] 0000060c com.ibm.ws.webcontainer.osgi.mbeans.PluginGenerator          I SRVE9103I: A configuration file for a web server plugin was automatically generated for this server at C:\Users\MOI\DeportationFineServices\target\liberty\wlp\usr\servers\defaultServer\logs\state\plugin-cfg.xml.
[6/19/22 14:55:34:937 AST] 00000555 com.ibm.ws.webcontainer.osgi.webapp.WebGroup                 I SRVE0169I: Loading Web Module: DeportationFineServices.
[6/19/22 14:55:34:944 AST] 00000555 com.ibm.ws.webcontainer                                      I SRVE0250I: Web Module DeportationFineServices has been bound to default_host.
[6/19/22 14:55:34:947 AST] 00000555 com.ibm.ws.http.internal.VirtualHostImpl                     A CWWKT0016I: Web application available (default_host): http://moi-7hembmla4ur:9080/DeportationFineServices/
[6/19/22 14:55:35:032 AST] 00000555 com.ibm.ws.session.WASSessionCore                            I SESN0176I: A new session context will be created for application key default_host/DeportationFineServices
[6/19/22 14:55:35:033 AST] 00000555 com.ibm.ws.util                                              I SESN0172I: The session manager is using the Java default SecureRandom implementation for session ID generation.
[6/19/22 14:55:35:041 AST] 00000555 com.ibm.ws.app.manager.AppMessageHelper                      A CWWKZ0003I: The application DeportationFineServices updated in 0.676 seconds.
[6/19/22 14:55:35:151 AST] 00000611 com.ibm.ws.webcontainer.osgi.mbeans.PluginGenerator          I SRVE9103I: A configuration file for a web server plugin was automatically generated for this server at C:\Users\MOI\DeportationFineServices\target\liberty\wlp\usr\servers\defaultServer\logs\state\plugin-cfg.xml.
[6/19/22 14:55:35:440 AST] 00000603 com.ibm.ws.http.internal.VirtualHostImpl                     A CWWKT0017I: Web application removed (default_host): http://moi-7hembmla4ur:9080/DeportationFineServices/
[6/19/22 14:55:35:450 AST] 00000603 com.ibm.ws.app.manager.AppMessageHelper                      A CWWKZ0009I: The application DeportationFineServices has stopped successfully.
[6/19/22 14:55:35:456 AST] 00000603 com.ibm.ws.app.manager.AppMessageHelper                      I CWWKZ0018I: Starting application DeportationFineServices.
[6/19/22 14:55:35:456 AST] 00000603 bm.ws.app.manager.war.internal.WARDeployedAppInfoFactoryImpl I CWWKZ0134I: The DeportationFineServices application is using the loose application definition at the C:\Users\MOI\DeportationFineServices\target\liberty\wlp\usr\servers\defaultServer\apps\DeportationFineServices.war.xml location.
[6/19/22 14:55:35:568 AST] 000005cd com.ibm.ws.webcontainer.osgi.mbeans.PluginGenerator          I SRVE9103I: A configuration file for a web server plugin was automatically generated for this server at C:\Users\MOI\DeportationFineServices\target\liberty\wlp\usr\servers\defaultServer\logs\state\plugin-cfg.xml.
[6/19/22 14:55:35:718 AST] 00000603 com.ibm.ws.webcontainer.osgi.webapp.WebGroup                 I SRVE0169I: Loading Web Module: DeportationFineServices.
[6/19/22 14:55:35:719 AST] 00000603 com.ibm.ws.webcontainer                                      I SRVE0250I: Web Module DeportationFineServices has been bound to default_host.
[6/19/22 14:55:35:719 AST] 00000603 com.ibm.ws.http.internal.VirtualHostImpl                     A CWWKT0016I: Web application available (default_host): http://moi-7hembmla4ur:9080/DeportationFineServices/
[6/19/22 14:55:35:746 AST] 00000606 com.ibm.ws.session.WASSessionCore                            I SESN0176I: A new session context will be created for application key default_host/DeportationFineServices
[6/19/22 14:55:35:747 AST] 00000606 com.ibm.ws.util                                              I SESN0172I: The session manager is using the Java default SecureRandom implementation for session ID generation.
[6/19/22 14:55:35:750 AST] 00000606 com.ibm.ws.app.manager.AppMessageHelper                      A CWWKZ0003I: The application DeportationFineServices updated in 0.294 seconds.
[6/19/22 14:55:35:845 AST] 00000603 com.ibm.ws.webcontainer.osgi.mbeans.PluginGenerator          I SRVE9103I: A configuration file for a web server plugin was automatically generated for this server at C:\Users\MOI\DeportationFineServices\target\liberty\wlp\usr\servers\defaultServer\logs\state\plugin-cfg.xml.
[6/19/22 14:56:24:125 AST] 00000014 com.ibm.ws.kernel.launch.internal.ServerCommandListener      A CWWKE0055I: Server shutdown requested on Sunday, June 19, 2022 at 2:56 PM. The server defaultServer is shutting down.
[6/19/22 14:56:24:205 AST] 0000061c com.ibm.ws.runtime.update.internal.RuntimeUpdateManagerImpl  A CWWKE1100I: Waiting for up to 30 seconds for the server to quiesce.
[6/19/22 14:56:24:402 AST] 00000555 com.ibm.ws.tcpchannel.internal.TCPChannel                    I CWWKO0220I: TCP Channel defaultHttpEndpoint has stopped listening for requests on host *  (IPv6) port 9080.
[6/19/22 14:56:24:482 AST] 0000061a com.ibm.ws.tcpchannel.internal.TCPChannel                    I CWWKO0220I: TCP Channel defaultHttpEndpoint-ssl has stopped listening for requests on host *  (IPv6) port 9443.
[6/19/22 14:56:24:491 AST] 0000061a com.ibm.ws.http.internal.VirtualHostImpl                     A CWWKT0017I: Web application removed (default_host): https://moi-7hembmla4ur:9443/metrics/
[6/19/22 14:56:24:491 AST] 0000061a com.ibm.ws.http.internal.VirtualHostImpl                     A CWWKT0017I: Web application removed (default_host): https://moi-7hembmla4ur:9443/DeportationFineServices/
[6/19/22 14:56:24:492 AST] 0000061a com.ibm.ws.http.internal.VirtualHostImpl                     A CWWKT0017I: Web application removed (default_host): https://moi-7hembmla4ur:9443/ibm/api/
[6/19/22 14:56:25:498 AST] 0000061c com.ibm.ws.runtime.update.internal.RuntimeUpdateManagerImpl  I CWWKE1101I: Server quiesce complete.
[6/19/22 14:56:25:677 AST] 0000060c com.ibm.ws.app.manager.AppMessageHelper                      A CWWKZ0009I: The application DeportationFineServices has stopped successfully.
[6/19/22 14:56:26:049 AST] 0000061c com.ibm.ws.webcontainer.servlet                              I SRVE0253I: [io.openliberty.microprofile.metrics.internal.public] [/metrics] [PublicMetricsRESTProxyServlet]: Destroy successful.
[6/19/22 14:56:26:265 AST] 0000061c .microprofile.metrics.internal.monitor.MonitorMetricsHandler I CWPMI2004I: All monitoring metrics were unregistered from mpMetrics.
[6/19/22 14:56:26:448 AST] 0000061c ibm.ws.security.authentication.internal.jaas.JAASServiceImpl I CWWKS1124I: The collective authentication plugin with class name NullCollectiveAuthenticationPlugin has been deactivated. 
[6/19/22 14:56:26:462 AST] 0000061c com.ibm.ws.security.ready.internal.SecurityReadyServiceImpl  I CWWKS0009I: The security service has stopped.
[6/19/22 14:56:28:633 AST] 00000001 com.ibm.ws.kernel.launch.internal.FrameworkManager           A CWWKE0036I: The server defaultServer stopped after 1 hours, 18 minutes, 59.544 seconds.
