********************************************************************************
product = Open Liberty 22.0.0.6 (wlp-1.0.65.cl220620220523-1607)
wlp.install.dir = C:/Users/MOI/DeportationFineServices/target/liberty/wlp/
java.home = C:\Program Files\Java\jdk1.8.0_202\jre
java.version = 1.8.0_202
java.runtime = Java(TM) SE Runtime Environment (1.8.0_202-b08)
os = Windows 10 (10.0; amd64) (en_US)
process = 19828@MOI-7HEMBMLA4UR
Classpath = C:\Users\MOI\DeportationFineServices\target\liberty\wlp\bin\tools\ws-server.jar;C:\Users\MOI\DeportationFineServices\target\liberty\wlp\bin\tools\ws-javaagent.jar
Java Library path = C:\Program Files\Java\jdk1.8.0_202\jre\bin;C:\windows\Sun\Java\bin;C:\windows\system32;C:\windows;C:\Program Files (x86)\Common Files\Oracle\Java\javapath;C:\windows\system32;C:\windows;C:\windows\System32\Wbem;C:\windows\System32\WindowsPowerShell\v1.0\;C:\windows\System32\OpenSSH\;C:\Program Files\Git\cmd;C:\Program Files\MySQL\MySQL Shell 8.0\bin\;C:\Users\MOI\AppData\Local\Microsoft\WindowsApps;C:\Users\MOI\AppData\Local\Programs\Microsoft VS Code\bin;C:\Program Files\apache-maven-3.8.4\bin;C:\Users\MOI\AppData\Local\GitHubDesktop\bin;.
********************************************************************************
[6/19/22 13:30:32:436 AST] 00000001 com.ibm.ws.kernel.launch.internal.FrameworkManager           A CWWKE0001I: The server defaultServer has been launched.
[6/19/22 13:30:32:925 AST] 00000018 com.ibm.ws.config.xml.internal.ServerXMLConfiguration        A CWWKG0093A: Processing configuration drop-ins resource: C:\Users\MOI\DeportationFineServices\target\liberty\wlp\usr\servers\defaultServer\configDropins\overrides\liberty-plugin-variable-config.xml
[6/19/22 13:30:33:047 AST] 00000001 com.ibm.ws.kernel.launch.internal.FrameworkManager           I CWWKE0002I: The kernel started after 0.854 seconds
[6/19/22 13:30:33:094 AST] 00000024 com.ibm.ws.kernel.feature.internal.FeatureManager            I CWWKF0007I: Feature update started.
[6/19/22 13:30:33:260 AST] 0000001b .apache.cxf.cxf.core.3.2:1.0.65.cl220620220523-1607(id=174)] I Aries Blueprint packages not available. So namespaces will not be registered
[6/19/22 13:30:33:299 AST] 00000017 com.ibm.ws.security.ready.internal.SecurityReadyServiceImpl  I CWWKS0007I: The security service is starting...
[6/19/22 13:30:33:419 AST] 00000018 com.ibm.ws.app.manager.internal.monitor.DropinMonitor        A CWWKZ0058I: Monitoring dropins for applications.
[6/19/22 13:30:33:472 AST] 0000001a com.ibm.ws.cache.ServerCache                                 I DYNA1001I: WebSphere Dynamic Cache instance named baseCache initialized successfully.
[6/19/22 13:30:33:474 AST] 0000001a com.ibm.ws.cache.ServerCache                                 I DYNA1071I: The cache provider default is being used.
[6/19/22 13:30:33:475 AST] 0000001a com.ibm.ws.cache.CacheServiceImpl                            I DYNA1056I: Dynamic Cache (object cache) initialized successfully.
[6/19/22 13:30:33:908 AST] 00000020 com.ibm.ws.ssl.config.WSKeyStore                             A CWPKI0820A: The default keystore has been created using the 'keystore_password' environment variable.
[6/19/22 13:30:33:948 AST] 00000017 ibm.ws.security.authentication.internal.jaas.JAASServiceImpl I CWWKS1123I: The collective authentication plugin with class name NullCollectiveAuthenticationPlugin has been activated. 
[6/19/22 13:30:34:124 AST] 0000002d com.ibm.ws.security.token.ltpa.internal.LTPAKeyCreateTask    I CWWKS4105I: LTPA configuration is ready after 0.210 seconds.
[6/19/22 13:30:34:343 AST] 00000020 com.ibm.ws.ssl.config.WSKeyStore                             I Successfully loaded default keystore: C:/Users/MOI/DeportationFineServices/target/liberty/wlp/usr/servers/defaultServer/resources/security/key.p12 of type: PKCS12
[6/19/22 13:30:34:610 AST] 00000017 com.ibm.ws.session.WASSessionCore                            I SESN8501I: The session manager did not find a persistent storage location; HttpSession objects will be stored in the local application server's memory.
[6/19/22 13:30:34:759 AST] 00000017 .microprofile.metrics.internal.monitor.MonitorMetricsHandler I CWPMI2003I: Monitoring metrics can be retrieved through mpMetrics.
[6/19/22 13:30:35:195 AST] 0000002e com.ibm.ws.app.manager.AppMessageHelper                      I CWWKZ0018I: Starting application DeportationFineServices.
[6/19/22 13:30:35:197 AST] 0000002e bm.ws.app.manager.war.internal.WARDeployedAppInfoFactoryImpl I CWWKZ0134I: The DeportationFineServices application is using the loose application definition at the C:\Users\MOI\DeportationFineServices\target\liberty\wlp\usr\servers\defaultServer\apps\DeportationFineServices.war.xml location.
[6/19/22 13:30:35:461 AST] 00000027 com.ibm.ws.webcontainer.osgi.webapp.WebGroup                 I SRVE0169I: Loading Web Module: ibm/api.
[6/19/22 13:30:35:460 AST] 00000028 com.ibm.ws.webcontainer.osgi.webapp.WebGroup                 I SRVE0169I: Loading Web Module: PublicMicroProfileMetrics.
[6/19/22 13:30:35:463 AST] 00000027 com.ibm.ws.webcontainer                                      I SRVE0250I: Web Module ibm/api has been bound to default_host.
[6/19/22 13:30:35:463 AST] 00000028 com.ibm.ws.webcontainer                                      I SRVE0250I: Web Module PublicMicroProfileMetrics has been bound to default_host.
[6/19/22 13:30:35:465 AST] 00000027 com.ibm.ws.http.internal.VirtualHostImpl                     A CWWKT0016I: Web application available (default_host): http://moi-7hembmla4ur:9080/ibm/api/
[6/19/22 13:30:35:467 AST] 00000028 com.ibm.ws.http.internal.VirtualHostImpl                     A CWWKT0016I: Web application available (default_host): http://moi-7hembmla4ur:9080/metrics/
[6/19/22 13:30:35:559 AST] 0000002d com.ibm.ws.session.WASSessionCore                            I SESN0176I: A new session context will be created for application key default_host/metrics
[6/19/22 13:30:35:559 AST] 00000032 com.ibm.ws.session.WASSessionCore                            I SESN0176I: A new session context will be created for application key default_host/ibm/api
[6/19/22 13:30:35:616 AST] 0000002d com.ibm.ws.util                                              I SESN0172I: The session manager is using the Java default SecureRandom implementation for session ID generation.
[6/19/22 13:30:35:627 AST] 00000032 com.ibm.ws.util                                              I SESN0172I: The session manager is using the Java default SecureRandom implementation for session ID generation.
[6/19/22 13:30:35:738 AST] 0000002d com.ibm.ws.cache.CacheServiceImpl                            I DYNA1056I: Dynamic Cache (object cache) initialized successfully.
[6/19/22 13:30:35:755 AST] 0000002e org.jboss.weld.Version                                       I WELD-000900: 3.1.9 (Final)
[6/19/22 13:30:36:024 AST] 0000002d com.ibm.ws.webcontainer.servlet                              I SRVE0242I: [io.openliberty.microprofile.metrics.internal.public] [/metrics] [PublicMetricsRESTProxyServlet]: Initialization successful.
[6/19/22 13:30:36:115 AST] 00000028 com.ibm.ws.webcontainer.osgi.mbeans.PluginGenerator          I SRVE9103I: A configuration file for a web server plugin was automatically generated for this server at C:\Users\MOI\DeportationFineServices\target\liberty\wlp\usr\servers\defaultServer\logs\state\plugin-cfg.xml.
[6/19/22 13:30:36:352 AST] 0000002e com.ibm.ws.webcontainer.osgi.webapp.WebGroup                 I SRVE0169I: Loading Web Module: DeportationFineServices.
[6/19/22 13:30:36:352 AST] 0000002e com.ibm.ws.webcontainer                                      I SRVE0250I: Web Module DeportationFineServices has been bound to default_host.
[6/19/22 13:30:36:353 AST] 0000002e com.ibm.ws.http.internal.VirtualHostImpl                     A CWWKT0016I: Web application available (default_host): http://moi-7hembmla4ur:9080/DeportationFineServices/
[6/19/22 13:30:36:420 AST] 00000027 com.ibm.ws.session.WASSessionCore                            I SESN0176I: A new session context will be created for application key default_host/DeportationFineServices
[6/19/22 13:30:36:421 AST] 00000027 com.ibm.ws.util                                              I SESN0172I: The session manager is using the Java default SecureRandom implementation for session ID generation.
[6/19/22 13:30:36:433 AST] 00000027 com.ibm.ws.app.manager.AppMessageHelper                      A CWWKZ0001I: Application DeportationFineServices started in 1.238 seconds.
[6/19/22 13:30:36:463 AST] 00000024 com.ibm.ws.tcpchannel.internal.TCPPort                       I CWWKO0219I: TCP Channel defaultHttpEndpoint has been started and is now listening for requests on host *  (IPv6) port 9080.
[6/19/22 13:30:36:466 AST] 00000024 com.ibm.ws.tcpchannel.internal.TCPPort                       I CWWKO0219I: TCP Channel defaultHttpEndpoint-ssl has been started and is now listening for requests on host *  (IPv6) port 9443.
[6/19/22 13:30:36:473 AST] 00000024 com.ibm.ws.kernel.feature.internal.FeatureManager            A CWWKF0012I: The server installed the following features: [cdi-2.0, distributedMap-1.0, jaxrs-2.1, jaxrsClient-2.1, jndi-1.0, json-1.0, jsonp-1.1, monitor-1.0, mpConfig-2.0, mpMetrics-3.0, servlet-4.0, ssl-1.0].
[6/19/22 13:30:36:474 AST] 00000024 com.ibm.ws.kernel.feature.internal.FeatureManager            I CWWKF0008I: Feature update completed in 3.427 seconds.
[6/19/22 13:30:36:474 AST] 00000024 com.ibm.ws.kernel.feature.internal.FeatureManager            A CWWKF0011I: The defaultServer server is ready to run a smarter planet. The defaultServer server started in 4.282 seconds.
[6/19/22 13:30:36:498 AST] 00000033 com.ibm.ws.webcontainer.osgi.mbeans.PluginGenerator          I SRVE9103I: A configuration file for a web server plugin was automatically generated for this server at C:\Users\MOI\DeportationFineServices\target\liberty\wlp\usr\servers\defaultServer\logs\state\plugin-cfg.xml.
[6/19/22 13:30:38:997 AST] 0000002d com.ibm.ws.http.internal.VirtualHostImpl                     A CWWKT0017I: Web application removed (default_host): http://moi-7hembmla4ur:9080/DeportationFineServices/
[6/19/22 13:30:39:010 AST] 0000002d com.ibm.ws.app.manager.AppMessageHelper                      A CWWKZ0009I: The application DeportationFineServices has stopped successfully.
[6/19/22 13:30:39:018 AST] 0000002d com.ibm.ws.app.manager.AppMessageHelper                      I CWWKZ0018I: Starting application DeportationFineServices.
[6/19/22 13:30:39:019 AST] 0000002d bm.ws.app.manager.war.internal.WARDeployedAppInfoFactoryImpl I CWWKZ0134I: The DeportationFineServices application is using the loose application definition at the C:\Users\MOI\DeportationFineServices\target\liberty\wlp\usr\servers\defaultServer\apps\DeportationFineServices.war.xml location.
[6/19/22 13:30:39:106 AST] 0000002f com.ibm.ws.webcontainer.osgi.mbeans.PluginGenerator          I SRVE9103I: A configuration file for a web server plugin was automatically generated for this server at C:\Users\MOI\DeportationFineServices\target\liberty\wlp\usr\servers\defaultServer\logs\state\plugin-cfg.xml.
[6/19/22 13:30:39:221 AST] 0000002d com.ibm.ws.webcontainer.osgi.webapp.WebGroup                 I SRVE0169I: Loading Web Module: DeportationFineServices.
[6/19/22 13:30:39:221 AST] 0000002d com.ibm.ws.webcontainer                                      I SRVE0250I: Web Module DeportationFineServices has been bound to default_host.
[6/19/22 13:30:39:222 AST] 0000002d com.ibm.ws.http.internal.VirtualHostImpl                     A CWWKT0016I: Web application available (default_host): http://moi-7hembmla4ur:9080/DeportationFineServices/
[6/19/22 13:30:39:233 AST] 00000027 com.ibm.ws.session.WASSessionCore                            I SESN0176I: A new session context will be created for application key default_host/DeportationFineServices
[6/19/22 13:30:39:234 AST] 00000027 com.ibm.ws.util                                              I SESN0172I: The session manager is using the Java default SecureRandom implementation for session ID generation.
[6/19/22 13:30:39:238 AST] 00000027 com.ibm.ws.app.manager.AppMessageHelper                      A CWWKZ0003I: The application DeportationFineServices updated in 0.219 seconds.
[6/19/22 13:30:39:305 AST] 00000034 com.ibm.ws.webcontainer.osgi.mbeans.PluginGenerator          I SRVE9103I: A configuration file for a web server plugin was automatically generated for this server at C:\Users\MOI\DeportationFineServices\target\liberty\wlp\usr\servers\defaultServer\logs\state\plugin-cfg.xml.
[6/19/22 13:30:48:878 AST] 0000003a com.ibm.ws.webcontainer.servlet                              I SRVE0242I: [DeportationFineServices] [/DeportationFineServices] [com.moi.sahlservices.resources.DeportationFineServices]: Initialization successful.
[6/19/22 13:30:49:003 AST] 0000003a SystemOut                                                    O before calling callSoapWebService
[6/19/22 13:30:49:057 AST] 0000003a SystemOut                                                    O Request SOAP Message:
[6/19/22 13:30:49:058 AST] 0000003a SystemOut                                                    O <SOAP-ENV:Envelope xmlns:SOAP-ENV="http://schemas.xmlsoap.org/soap/envelope/" xmlns:def="http://www.moi.gov.kw/Services/MoiDeportationFineServices/V1/Definitions"><SOAP-ENV:Header/><SOAP-ENV:Body><def:InquireDeportationListData><sponsorType>1</sponsorType><sponsorNumber>285063000886</sponsorNumber></def:InquireDeportationListData></SOAP-ENV:Body></SOAP-ENV:Envelope>
[6/19/22 13:30:49:058 AST] 0000003a SystemOut                                                    O 

[6/19/22 13:30:49:103 AST] 0000003a SystemOut                                                    O after calling callSoapWebService
[6/19/22 13:30:49:103 AST] 0000003a SystemOut                                                    O   Response SOAP Message:
[6/19/22 13:30:49:104 AST] 0000003a SystemOut                                                    O <NS1:Envelope xmlns:NS1="http://schemas.xmlsoap.org/soap/envelope/"><NS1:Body><NS2:InquireDeportationListDataResponse xmlns:NS2="http://www.moi.gov.kw/Services/MoiDeportationFineServices/V1/Definitions"><statusCode>1</statusCode><statusMessage>Active Tickets available for Sponsor    </statusMessage><sponsorType>1</sponsorType><sponsorNumber>285063000886</sponsorNumber><sponsorName>ﻟﻳﻧﺎ ع   ﻋﺑداﻟﻌزﻳز                                          </sponsorName><totalCount>1</totalCount><totalAmount>54.000            </totalAmount><moreData> </moreData><inquireDeportationListData><personNumber>119175104</personNumber><personName>ﺳﻟﻣﺎن ﻧﺎﺻر                                                  </personName><personSex>ذﻛر   </personSex><personNationality>ﺳورﻳﺎ                         </personNationality><ticketPrice>54.000   </ticketPrice></inquireDeportationListData></NS2:InquireDeportationListDataResponse></NS1:Body></NS1:Envelope>
[6/19/22 13:30:49:127 AST] 0000003a SystemOut                                                    O Request SOAP Message:
[6/19/22 13:30:49:127 AST] 0000003a SystemOut                                                    O <SOAP-ENV:Envelope xmlns:SOAP-ENV="http://schemas.xmlsoap.org/soap/envelope/" xmlns:per="http://tempuri.org/PersonDetailsDisplay/"><SOAP-ENV:Header/><SOAP-ENV:Body><per:PersonDetailsDisplaycall><PersonDetailsDisplayImport><InputParameters><ResidentNatNumber>119175104</ResidentNatNumber></InputParameters></PersonDetailsDisplayImport></per:PersonDetailsDisplaycall></SOAP-ENV:Body></SOAP-ENV:Envelope>
[6/19/22 13:30:49:127 AST] 0000003a SystemOut                                                    O 

[6/19/22 13:30:49:185 AST] 0000003a SystemOut                                                    O Request SOAP Message:
[6/19/22 13:30:49:186 AST] 0000003a SystemOut                                                    O <SOAP-ENV:Envelope xmlns:SOAP-ENV="http://schemas.xmlsoap.org/soap/envelope/" xmlns:per="http://tempuri.org/PersonDetailsDisplay/"><SOAP-ENV:Header/><SOAP-ENV:Body><per:PersonDetailsDisplaycall><PersonDetailsDisplayImport><InputParameters><ResidentNatNumber>119175104</ResidentNatNumber></InputParameters></PersonDetailsDisplayImport></per:PersonDetailsDisplaycall></SOAP-ENV:Body></SOAP-ENV:Envelope>
[6/19/22 13:30:49:186 AST] 0000003a SystemOut                                                    O 

[6/19/22 13:30:49:214 AST] 0000003a SystemOut                                                    O Request SOAP Message:
[6/19/22 13:30:49:215 AST] 0000003a SystemOut                                                    O <SOAP-ENV:Envelope xmlns:SOAP-ENV="http://schemas.xmlsoap.org/soap/envelope/" xmlns:per="http://tempuri.org/PersonDetailsDisplay/"><SOAP-ENV:Header/><SOAP-ENV:Body><per:PersonDetailsDisplaycall><PersonDetailsDisplayImport><InputParameters><ResidentNatNumber>119175104</ResidentNatNumber></InputParameters></PersonDetailsDisplayImport></per:PersonDetailsDisplaycall></SOAP-ENV:Body></SOAP-ENV:Envelope>
[6/19/22 13:30:49:215 AST] 0000003a SystemOut                                                    O 

[6/19/22 13:30:49:237 AST] 0000003a SystemOut                                                    O Request SOAP Message:
[6/19/22 13:30:49:238 AST] 0000003a SystemOut                                                    O <SOAP-ENV:Envelope xmlns:SOAP-ENV="http://schemas.xmlsoap.org/soap/envelope/" xmlns:per="http://tempuri.org/PersonDetailsDisplay/"><SOAP-ENV:Header/><SOAP-ENV:Body><per:PersonDetailsDisplaycall><PersonDetailsDisplayImport><InputParameters><ResidentNatNumber>119175104</ResidentNatNumber></InputParameters></PersonDetailsDisplayImport></per:PersonDetailsDisplaycall></SOAP-ENV:Body></SOAP-ENV:Envelope>
[6/19/22 13:30:49:238 AST] 0000003a SystemOut                                                    O 

[6/19/22 13:30:49:253 AST] 0000003a SystemOut                                                    O Request SOAP Message:
[6/19/22 13:30:49:254 AST] 0000003a SystemOut                                                    O <SOAP-ENV:Envelope xmlns:SOAP-ENV="http://schemas.xmlsoap.org/soap/envelope/" xmlns:per="http://tempuri.org/PersonDetailsDisplay/"><SOAP-ENV:Header/><SOAP-ENV:Body><per:PersonDetailsDisplaycall><PersonDetailsDisplayImport><InputParameters><ResidentNatNumber>119175104</ResidentNatNumber></InputParameters></PersonDetailsDisplayImport></per:PersonDetailsDisplaycall></SOAP-ENV:Body></SOAP-ENV:Envelope>
[6/19/22 13:30:49:254 AST] 0000003a SystemOut                                                    O 

[6/19/22 13:30:52:287 AST] 00000032 SystemOut                                                    O getting the civil id
[6/19/22 13:30:55:489 AST] 00000039 SystemOut                                                    O Request SOAP Message:
[6/19/22 13:30:55:490 AST] 00000039 SystemOut                                                    O <SOAP-ENV:Envelope xmlns:SOAP-ENV="http://schemas.xmlsoap.org/soap/envelope/" xmlns:def="http://www.moi.gov.kw/Services/MoiDeportationFineServices/V1/Definitions"><SOAP-ENV:Header/><SOAP-ENV:Body><def:InquireDeportationListData><sponsorType>1</sponsorType><sponsorNumber>285063000886</sponsorNumber></def:InquireDeportationListData></SOAP-ENV:Body></SOAP-ENV:Envelope>
[6/19/22 13:30:55:490 AST] 00000039 SystemOut                                                    O 

[6/19/22 13:30:58:490 AST] 0000003b SystemOut                                                    O before calling callSoapWebService init payment
[6/19/22 13:30:58:497 AST] 0000003b SystemOut                                                    O -----------------------------10------------1-----------
[6/19/22 13:30:58:498 AST] 0000003b SystemOut                                                    O -----1------------C:\Users\MOI\DeportationFineServices\target\liberty\wlp\usr\servers\defaultServer
[6/19/22 13:30:58:498 AST] 0000003b SystemErr                                                    R 
Error occurred while sending SOAP Request to Server!
Make sure you have the correct endpoint URL and SOAPAction!

[6/19/22 13:30:58:498 AST] 0000003b SystemOut                                                    O Response SOAP Message:
[6/19/22 13:30:58:522 AST] 0000003b com.ibm.ws.webcontainer.util.ApplicationErrorUtils           E SRVE0777E: Exception thrown by application class 'com.moi.sahlservices.resources.DeportationFineServices.doPost:243'
java.lang.NullPointerException
	at com.moi.sahlservices.resources.DeportationFineServices.doPost(DeportationFineServices.java:243)
	at javax.servlet.http.HttpServlet.service(HttpServlet.java:706)
	at javax.servlet.http.HttpServlet.service(HttpServlet.java:791)
	at com.ibm.ws.webcontainer.servlet.ServletWrapper.service(ServletWrapper.java:1258)
	at com.ibm.ws.webcontainer.servlet.ServletWrapper.handleRequest(ServletWrapper.java:746)
	at com.ibm.ws.webcontainer.servlet.ServletWrapper.handleRequest(ServletWrapper.java:443)
	at com.ibm.ws.webcontainer.filter.WebAppFilterManager.invokeFilters(WebAppFilterManager.java:1227)
	at com.ibm.ws.webcontainer.webapp.WebApp.handleRequest(WebApp.java:5059)
	at com.ibm.ws.webcontainer.osgi.DynamicVirtualHost$2.handleRequest(DynamicVirtualHost.java:316)
	at com.ibm.ws.webcontainer.WebContainer.handleRequest(WebContainer.java:1007)
	at com.ibm.ws.webcontainer.osgi.DynamicVirtualHost$2.run(DynamicVirtualHost.java:281)
	at com.ibm.ws.http.dispatcher.internal.channel.HttpDispatcherLink$TaskWrapper.run(HttpDispatcherLink.java:1184)
	at com.ibm.ws.http.dispatcher.internal.channel.HttpDispatcherLink.wrapHandlerAndExecute(HttpDispatcherLink.java:453)
	at com.ibm.ws.http.dispatcher.internal.channel.HttpDispatcherLink.ready(HttpDispatcherLink.java:412)
	at com.ibm.ws.http.channel.internal.inbound.HttpInboundLink.handleDiscrimination(HttpInboundLink.java:566)
	at com.ibm.ws.http.channel.internal.inbound.HttpInboundLink.handleNewRequest(HttpInboundLink.java:500)
	at com.ibm.ws.http.channel.internal.inbound.HttpInboundLink.processRequest(HttpInboundLink.java:360)
	at com.ibm.ws.http.channel.internal.inbound.HttpICLReadCallback.complete(HttpICLReadCallback.java:70)
	at com.ibm.ws.tcpchannel.internal.WorkQueueManager.requestComplete(WorkQueueManager.java:514)
	at com.ibm.ws.tcpchannel.internal.WorkQueueManager.attemptIO(WorkQueueManager.java:584)
	at com.ibm.ws.tcpchannel.internal.WorkQueueManager.workerRun(WorkQueueManager.java:968)
	at com.ibm.ws.tcpchannel.internal.WorkQueueManager$Worker.run(WorkQueueManager.java:1057)
	at com.ibm.ws.threading.internal.ExecutorServiceImpl$RunnableWrapper.run(ExecutorServiceImpl.java:245)
	at java.util.concurrent.ThreadPoolExecutor.runWorker(ThreadPoolExecutor.java:1149)
	at java.util.concurrent.ThreadPoolExecutor$Worker.run(ThreadPoolExecutor.java:624)
	at java.lang.Thread.run(Thread.java:748)

[6/19/22 13:30:58:681 AST] 0000003b com.ibm.ws.logging.internal.impl.IncidentImpl                I FFDC1015I: An FFDC Incident has been created: "java.lang.NullPointerException com.ibm.ws.webcontainer.filter.WebAppFilterManager.invokeFilters 1105" at ffdc_22.06.19_13.30.58.0.log
[6/19/22 13:30:58:685 AST] 0000003b com.ibm.ws.webcontainer.webapp                               E SRVE0315E: An exception occurred: java.lang.Throwable: java.lang.NullPointerException
	at com.ibm.ws.webcontainer.webapp.WebApp.handleRequest(WebApp.java:5117)
	at com.ibm.ws.webcontainer.osgi.DynamicVirtualHost$2.handleRequest(DynamicVirtualHost.java:316)
	at com.ibm.ws.webcontainer.WebContainer.handleRequest(WebContainer.java:1007)
	at com.ibm.ws.webcontainer.osgi.DynamicVirtualHost$2.run(DynamicVirtualHost.java:281)
	at com.ibm.ws.http.dispatcher.internal.channel.HttpDispatcherLink$TaskWrapper.run(HttpDispatcherLink.java:1184)
	at com.ibm.ws.http.dispatcher.internal.channel.HttpDispatcherLink.wrapHandlerAndExecute(HttpDispatcherLink.java:453)
	at com.ibm.ws.http.dispatcher.internal.channel.HttpDispatcherLink.ready(HttpDispatcherLink.java:412)
	at com.ibm.ws.http.channel.internal.inbound.HttpInboundLink.handleDiscrimination(HttpInboundLink.java:566)
	at com.ibm.ws.http.channel.internal.inbound.HttpInboundLink.handleNewRequest(HttpInboundLink.java:500)
	at com.ibm.ws.http.channel.internal.inbound.HttpInboundLink.processRequest(HttpInboundLink.java:360)
	at com.ibm.ws.http.channel.internal.inbound.HttpICLReadCallback.complete(HttpICLReadCallback.java:70)
	at com.ibm.ws.tcpchannel.internal.WorkQueueManager.requestComplete(WorkQueueManager.java:514)
	at com.ibm.ws.tcpchannel.internal.WorkQueueManager.attemptIO(WorkQueueManager.java:584)
	at com.ibm.ws.tcpchannel.internal.WorkQueueManager.workerRun(WorkQueueManager.java:968)
	at com.ibm.ws.tcpchannel.internal.WorkQueueManager$Worker.run(WorkQueueManager.java:1057)
	at com.ibm.ws.threading.internal.ExecutorServiceImpl$RunnableWrapper.run(ExecutorServiceImpl.java:245)
	at java.util.concurrent.ThreadPoolExecutor.runWorker(ThreadPoolExecutor.java:1149)
	at java.util.concurrent.ThreadPoolExecutor$Worker.run(ThreadPoolExecutor.java:624)
	at java.lang.Thread.run(Thread.java:748)
Caused by: java.lang.NullPointerException
	at com.moi.sahlservices.resources.DeportationFineServices.doPost(DeportationFineServices.java:243)
	at javax.servlet.http.HttpServlet.service(HttpServlet.java:706)
	at javax.servlet.http.HttpServlet.service(HttpServlet.java:791)
	at com.ibm.ws.webcontainer.servlet.ServletWrapper.service(ServletWrapper.java:1258)
	at com.ibm.ws.webcontainer.servlet.ServletWrapper.handleRequest(ServletWrapper.java:746)
	at com.ibm.ws.webcontainer.servlet.ServletWrapper.handleRequest(ServletWrapper.java:443)
	at com.ibm.ws.webcontainer.filter.WebAppFilterManager.invokeFilters(WebAppFilterManager.java:1227)
	at com.ibm.ws.webcontainer.webapp.WebApp.handleRequest(WebApp.java:5059)
	... 18 more

[6/19/22 13:32:16:521 AST] 00000041 com.ibm.ws.http.internal.VirtualHostImpl                     A CWWKT0017I: Web application removed (default_host): http://moi-7hembmla4ur:9080/DeportationFineServices/
[6/19/22 13:32:16:524 AST] 00000041 com.ibm.ws.webcontainer.servlet                              I SRVE0253I: [DeportationFineServices] [/DeportationFineServices] [com.moi.sahlservices.resources.DeportationFineServices]: Destroy successful.
[6/19/22 13:32:16:530 AST] 00000041 com.ibm.ws.app.manager.AppMessageHelper                      A CWWKZ0009I: The application DeportationFineServices has stopped successfully.
[6/19/22 13:32:16:543 AST] 00000041 com.ibm.ws.app.manager.AppMessageHelper                      I CWWKZ0018I: Starting application DeportationFineServices.
[6/19/22 13:32:16:543 AST] 00000041 bm.ws.app.manager.war.internal.WARDeployedAppInfoFactoryImpl I CWWKZ0134I: The DeportationFineServices application is using the loose application definition at the C:\Users\MOI\DeportationFineServices\target\liberty\wlp\usr\servers\defaultServer\apps\DeportationFineServices.war.xml location.
[6/19/22 13:32:16:665 AST] 00000034 com.ibm.ws.webcontainer.osgi.mbeans.PluginGenerator          I SRVE9103I: A configuration file for a web server plugin was automatically generated for this server at C:\Users\MOI\DeportationFineServices\target\liberty\wlp\usr\servers\defaultServer\logs\state\plugin-cfg.xml.
[6/19/22 13:32:16:737 AST] 00000041 com.ibm.ws.webcontainer.osgi.webapp.WebGroup                 I SRVE0169I: Loading Web Module: DeportationFineServices.
[6/19/22 13:32:16:737 AST] 00000041 com.ibm.ws.webcontainer                                      I SRVE0250I: Web Module DeportationFineServices has been bound to default_host.
[6/19/22 13:32:16:737 AST] 00000041 com.ibm.ws.http.internal.VirtualHostImpl                     A CWWKT0016I: Web application available (default_host): http://moi-7hembmla4ur:9080/DeportationFineServices/
[6/19/22 13:32:16:755 AST] 00000039 com.ibm.ws.session.WASSessionCore                            I SESN0176I: A new session context will be created for application key default_host/DeportationFineServices
[6/19/22 13:32:16:755 AST] 00000039 com.ibm.ws.util                                              I SESN0172I: The session manager is using the Java default SecureRandom implementation for session ID generation.
[6/19/22 13:32:16:761 AST] 00000039 com.ibm.ws.app.manager.AppMessageHelper                      A CWWKZ0003I: The application DeportationFineServices updated in 0.218 seconds.
[6/19/22 13:32:16:833 AST] 00000035 com.ibm.ws.webcontainer.osgi.mbeans.PluginGenerator          I SRVE9103I: A configuration file for a web server plugin was automatically generated for this server at C:\Users\MOI\DeportationFineServices\target\liberty\wlp\usr\servers\defaultServer\logs\state\plugin-cfg.xml.
[6/19/22 13:32:23:668 AST] 00000042 com.ibm.ws.http.internal.VirtualHostImpl                     A CWWKT0017I: Web application removed (default_host): http://moi-7hembmla4ur:9080/DeportationFineServices/
[6/19/22 13:32:23:674 AST] 00000042 com.ibm.ws.app.manager.AppMessageHelper                      A CWWKZ0009I: The application DeportationFineServices has stopped successfully.
[6/19/22 13:32:23:679 AST] 00000042 com.ibm.ws.app.manager.AppMessageHelper                      I CWWKZ0018I: Starting application DeportationFineServices.
[6/19/22 13:32:23:679 AST] 00000042 bm.ws.app.manager.war.internal.WARDeployedAppInfoFactoryImpl I CWWKZ0134I: The DeportationFineServices application is using the loose application definition at the C:\Users\MOI\DeportationFineServices\target\liberty\wlp\usr\servers\defaultServer\apps\DeportationFineServices.war.xml location.
[6/19/22 13:32:23:943 AST] 00000042 com.ibm.ws.webcontainer.osgi.webapp.WebGroup                 I SRVE0169I: Loading Web Module: DeportationFineServices.
[6/19/22 13:32:23:943 AST] 00000042 com.ibm.ws.webcontainer                                      I SRVE0250I: Web Module DeportationFineServices has been bound to default_host.
[6/19/22 13:32:23:943 AST] 00000042 com.ibm.ws.http.internal.VirtualHostImpl                     A CWWKT0016I: Web application available (default_host): http://moi-7hembmla4ur:9080/DeportationFineServices/
[6/19/22 13:32:23:962 AST] 00000041 com.ibm.ws.session.WASSessionCore                            I SESN0176I: A new session context will be created for application key default_host/DeportationFineServices
[6/19/22 13:32:23:962 AST] 00000041 com.ibm.ws.util                                              I SESN0172I: The session manager is using the Java default SecureRandom implementation for session ID generation.
[6/19/22 13:32:23:965 AST] 00000041 com.ibm.ws.app.manager.AppMessageHelper                      A CWWKZ0003I: The application DeportationFineServices updated in 0.286 seconds.
[6/19/22 13:32:24:131 AST] 0000003b com.ibm.ws.webcontainer.osgi.mbeans.PluginGenerator          I SRVE9103I: A configuration file for a web server plugin was automatically generated for this server at C:\Users\MOI\DeportationFineServices\target\liberty\wlp\usr\servers\defaultServer\logs\state\plugin-cfg.xml.
[6/19/22 13:32:24:304 AST] 00000039 com.ibm.ws.webcontainer.osgi.mbeans.PluginGenerator          I SRVE9103I: A configuration file for a web server plugin was automatically generated for this server at C:\Users\MOI\DeportationFineServices\target\liberty\wlp\usr\servers\defaultServer\logs\state\plugin-cfg.xml.
[6/19/22 13:32:24:682 AST] 00000045 com.ibm.ws.http.internal.VirtualHostImpl                     A CWWKT0017I: Web application removed (default_host): http://moi-7hembmla4ur:9080/DeportationFineServices/
[6/19/22 13:32:24:692 AST] 00000045 com.ibm.ws.app.manager.AppMessageHelper                      A CWWKZ0009I: The application DeportationFineServices has stopped successfully.
[6/19/22 13:32:24:699 AST] 00000045 com.ibm.ws.app.manager.AppMessageHelper                      I CWWKZ0018I: Starting application DeportationFineServices.
[6/19/22 13:32:24:700 AST] 00000045 bm.ws.app.manager.war.internal.WARDeployedAppInfoFactoryImpl I CWWKZ0134I: The DeportationFineServices application is using the loose application definition at the C:\Users\MOI\DeportationFineServices\target\liberty\wlp\usr\servers\defaultServer\apps\DeportationFineServices.war.xml location.
[6/19/22 13:32:24:892 AST] 00000045 com.ibm.ws.webcontainer.osgi.webapp.WebGroup                 I SRVE0169I: Loading Web Module: DeportationFineServices.
[6/19/22 13:32:24:892 AST] 00000045 com.ibm.ws.webcontainer                                      I SRVE0250I: Web Module DeportationFineServices has been bound to default_host.
[6/19/22 13:32:24:892 AST] 00000045 com.ibm.ws.http.internal.VirtualHostImpl                     A CWWKT0016I: Web application available (default_host): http://moi-7hembmla4ur:9080/DeportationFineServices/
[6/19/22 13:32:24:906 AST] 00000024 com.ibm.ws.session.WASSessionCore                            I SESN0176I: A new session context will be created for application key default_host/DeportationFineServices
[6/19/22 13:32:24:906 AST] 00000024 com.ibm.ws.util                                              I SESN0172I: The session manager is using the Java default SecureRandom implementation for session ID generation.
[6/19/22 13:32:24:909 AST] 00000024 com.ibm.ws.app.manager.AppMessageHelper                      A CWWKZ0003I: The application DeportationFineServices updated in 0.208 seconds.
[6/19/22 13:32:24:986 AST] 00000042 com.ibm.ws.webcontainer.osgi.mbeans.PluginGenerator          I SRVE9103I: A configuration file for a web server plugin was automatically generated for this server at C:\Users\MOI\DeportationFineServices\target\liberty\wlp\usr\servers\defaultServer\logs\state\plugin-cfg.xml.
[6/19/22 13:32:25:070 AST] 00000047 com.ibm.ws.webcontainer.osgi.mbeans.PluginGenerator          I SRVE9103I: A configuration file for a web server plugin was automatically generated for this server at C:\Users\MOI\DeportationFineServices\target\liberty\wlp\usr\servers\defaultServer\logs\state\plugin-cfg.xml.
[6/19/22 13:32:29:224 AST] 00000042 com.ibm.ws.webcontainer.servlet                              I SRVE0242I: [DeportationFineServices] [/DeportationFineServices] [com.moi.sahlservices.resources.DeportationFineServices]: Initialization successful.
[6/19/22 13:32:29:319 AST] 00000042 SystemOut                                                    O before calling callSoapWebService init payment
[6/19/22 13:32:29:321 AST] 00000042 SystemOut                                                    O -----------------------------10------------1-----------
[6/19/22 13:32:29:321 AST] 00000042 SystemOut                                                    O -----1------------C:\Users\MOI\DeportationFineServices\target\liberty\wlp\usr\servers\defaultServer
[6/19/22 13:32:29:322 AST] 00000042 SystemOut                                                    O -----77------------UsernameToken-6E7F82F20833FD165316396362254181
[6/19/22 13:32:29:322 AST] 00000042 SystemOut                                                    O -----------------------------10------------2-----------
[6/19/22 13:32:29:323 AST] 00000042 SystemOut                                                    O -----------------------------10---------------3--------
[6/19/22 13:32:29:323 AST] 00000042 SystemOut                                                    O -----1------------C:\Users\MOI\DeportationFineServices\target\liberty\wlp\usr\servers\defaultServer
[6/19/22 13:32:29:323 AST] 00000042 SystemOut                                                    O -----77------------MOISAHELTESTWSUser
[6/19/22 13:32:29:324 AST] 00000042 SystemOut                                                    O -----1------------C:\Users\MOI\DeportationFineServices\target\liberty\wlp\usr\servers\defaultServer
[6/19/22 13:32:29:324 AST] 00000042 SystemOut                                                    O -----77------------ey+hn0nb9mpEbhhZ7M0qZk7u3zY=
[6/19/22 13:32:29:324 AST] 00000042 SystemOut                                                    O -----1------------C:\Users\MOI\DeportationFineServices\target\liberty\wlp\usr\servers\defaultServer
[6/19/22 13:32:29:325 AST] 00000042 SystemOut                                                    O -----77------------cMlDW0fnanjXbcLKNiJc0Q==
[6/19/22 13:32:29:327 AST] 00000042 SystemOut                                                    O Request SOAP Message:
[6/19/22 13:32:29:327 AST] 00000042 SystemOut                                                    O <SOAP-ENV:Envelope xmlns:SOAP-ENV="http://schemas.xmlsoap.org/soap/envelope/" xmlns:def="http://www.moi.gov.kw/Services/PayGateService/V1/Definitions" xmlns:moih="http://www.moi.gov.kw/Common/V1/MoiHeader"><SOAP-ENV:Header><wsse:Security xmlns:soapenv="http://docs.oasis-open.org/wss/2004/01/oasis-200401-wss-wssecurity-secext-1.0.xsd" xmlns:wsse="http://docs.oasis-open.org/wss/2004/01/oasis-200401-wss-wssecurity-secext-1.0.xsd" xmlns:wsu="http://docs.oasis-open.org/wss/2004/01/oasis-200401-wss-wssecurity-utility-1.0.xsd" soapenv:mustUnderstand="0"><wsse:UsernameToken wsu:Id="UsernameToken-6E7F82F20833FD165316396362254181"><wsse:Username>MOISAHELTESTWSUser</wsse:Username><wsse:Password Type="http://docs.oasis-open.org/wss/2004/01/oasis-200401-wss-username-token-profile-1.0#PasswordDigest">ey+hn0nb9mpEbhhZ7M0qZk7u3zY=</wsse:Password><wsse:Nonce EncodingType="http://docs.oasis-open.org/wss/2004/01/oasis-200401-wss-soap-message-security-1.0#Base64Binary">cMlDW0fnanjXbcLKNiJc0Q==</wsse:Nonce><wsu:Created>2021-12-16T06:30:25.414Z</wsu:Created></wsse:UsernameToken></wsse:Security><moih:MoiHeader><Entity>MOI</Entity><Department>IT</Department><Application>SHLPAYVIEW</Application><Requestor>285063000886</Requestor></moih:MoiHeader></SOAP-ENV:Header><SOAP-ENV:Body><def:InitiatePaymentRequest><civilId>285063000886</civilId><totalPayAmt>54</totalPayAmt><contactInfo><emailId> </emailId><mobile>00000000</mobile></contactInfo><language>AR</language><currency>KWD</currency><channelID>4</channelID><paymentMethod>1</paymentMethod><serviceType>7</serviceType><paymentList><number>119175104</number><year>2022</year><amount>54</amount><descriptionEn>Deportee Ticket</descriptionEn><descriptionAr>دفع تذكرة مبعد</descriptionAr><field1>1</field1></paymentList></def:InitiatePaymentRequest></SOAP-ENV:Body></SOAP-ENV:Envelope>
[6/19/22 13:32:29:328 AST] 00000042 SystemOut                                                    O 

[6/19/22 13:32:29:532 AST] 00000042 com.ibm.ws.logging.internal.impl.IncidentImpl                I FFDC1015I: An FFDC Incident has been created: "sun.security.validator.ValidatorException: PKIX path building failed: sun.security.provider.certpath.SunCertPathBuilderException: unable to find valid certification path to requested target com.ibm.ws.ssl.core.WSX509TrustManager checkServerTrusted" at ffdc_22.06.19_13.32.29.0.log
[6/19/22 13:32:29:532 AST] 00000042 com.ibm.ws.ssl.core.WSX509TrustManager                       E CWPKI0823E: SSL HANDSHAKE FAILURE:  A signer with SubjectDN [CN=*.moi.gov.kw, O=Ministry of Interior, L=Kuwait City, C=KW] was sent from the host [iservices.moi.gov.kw:5299].  The signer might need to be added to local trust store [C:/Users/MOI/DeportationFineServices/target/liberty/wlp/usr/servers/defaultServer/resources/security/key.p12], located in SSL configuration alias [defaultSSLConfig].  The extended error message from the SSL handshake exception is: [PKIX path building failed: sun.security.provider.certpath.SunCertPathBuilderException: unable to find valid certification path to requested target].
[6/19/22 13:32:29:542 AST] 00000042 com.sun.xml.internal.messaging.saaj.client.p2p               E SAAJ0009: Message send failed
[6/19/22 13:32:29:543 AST] 00000042 SystemErr                                                    R 
Error occurred while sending SOAP Request to Server!
Make sure you have the correct endpoint URL and SOAPAction!

[6/19/22 13:32:29:543 AST] 00000042 SystemOut                                                    O Response SOAP Message:
[6/19/22 13:32:29:543 AST] 00000042 com.ibm.ws.webcontainer.util.ApplicationErrorUtils           E SRVE0777E: Exception thrown by application class 'com.moi.sahlservices.resources.DeportationFineServices.doPost:243'
java.lang.NullPointerException
	at com.moi.sahlservices.resources.DeportationFineServices.doPost(DeportationFineServices.java:243)
	at javax.servlet.http.HttpServlet.service(HttpServlet.java:706)
	at javax.servlet.http.HttpServlet.service(HttpServlet.java:791)
	at com.ibm.ws.webcontainer.servlet.ServletWrapper.service(ServletWrapper.java:1258)
	at com.ibm.ws.webcontainer.servlet.ServletWrapper.handleRequest(ServletWrapper.java:746)
	at com.ibm.ws.webcontainer.servlet.ServletWrapper.handleRequest(ServletWrapper.java:443)
	at com.ibm.ws.webcontainer.filter.WebAppFilterManager.invokeFilters(WebAppFilterManager.java:1227)
	at com.ibm.ws.webcontainer.webapp.WebApp.handleRequest(WebApp.java:5059)
	at com.ibm.ws.webcontainer.osgi.DynamicVirtualHost$2.handleRequest(DynamicVirtualHost.java:316)
	at com.ibm.ws.webcontainer.WebContainer.handleRequest(WebContainer.java:1007)
	at com.ibm.ws.webcontainer.osgi.DynamicVirtualHost$2.run(DynamicVirtualHost.java:281)
	at com.ibm.ws.http.dispatcher.internal.channel.HttpDispatcherLink$TaskWrapper.run(HttpDispatcherLink.java:1184)
	at com.ibm.ws.http.dispatcher.internal.channel.HttpDispatcherLink.wrapHandlerAndExecute(HttpDispatcherLink.java:453)
	at com.ibm.ws.http.dispatcher.internal.channel.HttpDispatcherLink.ready(HttpDispatcherLink.java:412)
	at com.ibm.ws.http.channel.internal.inbound.HttpInboundLink.handleDiscrimination(HttpInboundLink.java:566)
	at com.ibm.ws.http.channel.internal.inbound.HttpInboundLink.handleNewRequest(HttpInboundLink.java:500)
	at com.ibm.ws.http.channel.internal.inbound.HttpInboundLink.processRequest(HttpInboundLink.java:360)
	at com.ibm.ws.http.channel.internal.inbound.HttpInboundLink.ready(HttpInboundLink.java:327)
	at com.ibm.ws.tcpchannel.internal.NewConnectionInitialReadCallback.sendToDiscriminators(NewConnectionInitialReadCallback.java:167)
	at com.ibm.ws.tcpchannel.internal.NewConnectionInitialReadCallback.complete(NewConnectionInitialReadCallback.java:75)
	at com.ibm.ws.tcpchannel.internal.WorkQueueManager.requestComplete(WorkQueueManager.java:514)
	at com.ibm.ws.tcpchannel.internal.WorkQueueManager.attemptIO(WorkQueueManager.java:584)
	at com.ibm.ws.tcpchannel.internal.WorkQueueManager.workerRun(WorkQueueManager.java:968)
	at com.ibm.ws.tcpchannel.internal.WorkQueueManager$Worker.run(WorkQueueManager.java:1057)
	at com.ibm.ws.threading.internal.ExecutorServiceImpl$RunnableWrapper.run(ExecutorServiceImpl.java:245)
	at java.util.concurrent.ThreadPoolExecutor.runWorker(ThreadPoolExecutor.java:1149)
	at java.util.concurrent.ThreadPoolExecutor$Worker.run(ThreadPoolExecutor.java:624)
	at java.lang.Thread.run(Thread.java:748)

[6/19/22 13:32:29:544 AST] 00000042 com.ibm.ws.webcontainer.webapp                               E SRVE0315E: An exception occurred: java.lang.Throwable: java.lang.NullPointerException
	at com.ibm.ws.webcontainer.webapp.WebApp.handleRequest(WebApp.java:5117)
	at com.ibm.ws.webcontainer.osgi.DynamicVirtualHost$2.handleRequest(DynamicVirtualHost.java:316)
	at com.ibm.ws.webcontainer.WebContainer.handleRequest(WebContainer.java:1007)
	at com.ibm.ws.webcontainer.osgi.DynamicVirtualHost$2.run(DynamicVirtualHost.java:281)
	at com.ibm.ws.http.dispatcher.internal.channel.HttpDispatcherLink$TaskWrapper.run(HttpDispatcherLink.java:1184)
	at com.ibm.ws.http.dispatcher.internal.channel.HttpDispatcherLink.wrapHandlerAndExecute(HttpDispatcherLink.java:453)
	at com.ibm.ws.http.dispatcher.internal.channel.HttpDispatcherLink.ready(HttpDispatcherLink.java:412)
	at com.ibm.ws.http.channel.internal.inbound.HttpInboundLink.handleDiscrimination(HttpInboundLink.java:566)
	at com.ibm.ws.http.channel.internal.inbound.HttpInboundLink.handleNewRequest(HttpInboundLink.java:500)
	at com.ibm.ws.http.channel.internal.inbound.HttpInboundLink.processRequest(HttpInboundLink.java:360)
	at com.ibm.ws.http.channel.internal.inbound.HttpInboundLink.ready(HttpInboundLink.java:327)
	at com.ibm.ws.tcpchannel.internal.NewConnectionInitialReadCallback.sendToDiscriminators(NewConnectionInitialReadCallback.java:167)
	at com.ibm.ws.tcpchannel.internal.NewConnectionInitialReadCallback.complete(NewConnectionInitialReadCallback.java:75)
	at com.ibm.ws.tcpchannel.internal.WorkQueueManager.requestComplete(WorkQueueManager.java:514)
	at com.ibm.ws.tcpchannel.internal.WorkQueueManager.attemptIO(WorkQueueManager.java:584)
	at com.ibm.ws.tcpchannel.internal.WorkQueueManager.workerRun(WorkQueueManager.java:968)
	at com.ibm.ws.tcpchannel.internal.WorkQueueManager$Worker.run(WorkQueueManager.java:1057)
	at com.ibm.ws.threading.internal.ExecutorServiceImpl$RunnableWrapper.run(ExecutorServiceImpl.java:245)
	at java.util.concurrent.ThreadPoolExecutor.runWorker(ThreadPoolExecutor.java:1149)
	at java.util.concurrent.ThreadPoolExecutor$Worker.run(ThreadPoolExecutor.java:624)
	at java.lang.Thread.run(Thread.java:748)
Caused by: java.lang.NullPointerException
	at com.moi.sahlservices.resources.DeportationFineServices.doPost(DeportationFineServices.java:243)
	at javax.servlet.http.HttpServlet.service(HttpServlet.java:706)
	at javax.servlet.http.HttpServlet.service(HttpServlet.java:791)
	at com.ibm.ws.webcontainer.servlet.ServletWrapper.service(ServletWrapper.java:1258)
	at com.ibm.ws.webcontainer.servlet.ServletWrapper.handleRequest(ServletWrapper.java:746)
	at com.ibm.ws.webcontainer.servlet.ServletWrapper.handleRequest(ServletWrapper.java:443)
	at com.ibm.ws.webcontainer.filter.WebAppFilterManager.invokeFilters(WebAppFilterManager.java:1227)
	at com.ibm.ws.webcontainer.webapp.WebApp.handleRequest(WebApp.java:5059)
	... 20 more

[6/19/22 13:36:27:842 AST] 00000014 com.ibm.ws.kernel.launch.internal.ServerCommandListener      A CWWKE0055I: Server shutdown requested on Sunday, June 19, 2022 at 1:36 PM. The server defaultServer is shutting down.
[6/19/22 13:36:27:846 AST] 00000071 com.ibm.ws.runtime.update.internal.RuntimeUpdateManagerImpl  A CWWKE1100I: Waiting for up to 30 seconds for the server to quiesce.
[6/19/22 13:36:27:852 AST] 00000063 com.ibm.ws.tcpchannel.internal.TCPChannel                    I CWWKO0220I: TCP Channel defaultHttpEndpoint-ssl has stopped listening for requests on host *  (IPv6) port 9443.
[6/19/22 13:36:27:853 AST] 00000063 com.ibm.ws.tcpchannel.internal.TCPChannel                    I CWWKO0220I: TCP Channel defaultHttpEndpoint has stopped listening for requests on host *  (IPv6) port 9080.
[6/19/22 13:36:27:853 AST] 00000063 com.ibm.ws.http.internal.VirtualHostImpl                     A CWWKT0017I: Web application removed (default_host): http://moi-7hembmla4ur:9080/metrics/
[6/19/22 13:36:27:854 AST] 00000063 com.ibm.ws.http.internal.VirtualHostImpl                     A CWWKT0017I: Web application removed (default_host): http://moi-7hembmla4ur:9080/DeportationFineServices/
[6/19/22 13:36:27:854 AST] 00000063 com.ibm.ws.http.internal.VirtualHostImpl                     A CWWKT0017I: Web application removed (default_host): http://moi-7hembmla4ur:9080/ibm/api/
[6/19/22 13:36:28:860 AST] 00000071 com.ibm.ws.runtime.update.internal.RuntimeUpdateManagerImpl  I CWWKE1101I: Server quiesce complete.
[6/19/22 13:36:28:937 AST] 00000067 com.ibm.ws.webcontainer.servlet                              I SRVE0253I: [DeportationFineServices] [/DeportationFineServices] [com.moi.sahlservices.resources.DeportationFineServices]: Destroy successful.
[6/19/22 13:36:28:941 AST] 00000067 com.ibm.ws.app.manager.AppMessageHelper                      A CWWKZ0009I: The application DeportationFineServices has stopped successfully.
[6/19/22 13:36:29:009 AST] 00000071 com.ibm.ws.webcontainer.servlet                              I SRVE0253I: [io.openliberty.microprofile.metrics.internal.public] [/metrics] [PublicMetricsRESTProxyServlet]: Destroy successful.
[6/19/22 13:36:29:096 AST] 00000071 .microprofile.metrics.internal.monitor.MonitorMetricsHandler I CWPMI2004I: All monitoring metrics were unregistered from mpMetrics.
[6/19/22 13:36:29:154 AST] 00000071 ibm.ws.security.authentication.internal.jaas.JAASServiceImpl I CWWKS1124I: The collective authentication plugin with class name NullCollectiveAuthenticationPlugin has been deactivated. 
[6/19/22 13:36:29:157 AST] 00000071 com.ibm.ws.security.ready.internal.SecurityReadyServiceImpl  I CWWKS0009I: The security service has stopped.
[6/19/22 13:36:29:647 AST] 00000001 com.ibm.ws.kernel.launch.internal.FrameworkManager           A CWWKE0036I: The server defaultServer stopped after 5 minutes, 57.454 seconds.
